<?xml version="1.0" encoding="UTF-8"?>
<!-- Generated by org.testng.reporters.JUnitXMLReporter -->
<testsuite hostname="P3ALAP-G01FTQF" ignored="0" name="Default test" tests="3" failures="0" timestamp="02 Dec 2019 06:06:19 GMT" time="0.065" errors="0">
  <testcase name="login" time="0.011" classname="testngFeature.DemoDataProvider"/>
  <testcase name="login" time="0.002" classname="testngFeature.DemoDataProvider"/>
  <testcase name="login" time="0.002" classname="testngFeature.DemoDataProvider"/>
</testsuite> <!-- Default test -->
