<?xml version="1.0" encoding="UTF-8"?>
<!-- Generated by org.testng.reporters.JUnitXMLReporter -->
<testsuite hostname="P3ALAP-G01FTQF" ignored="2" name="Test1" tests="5" failures="0" timestamp="05 Nov 2019 05:54:13 GMT" time="0.041" errors="0">
  <testcase name="OpenBrowser" time="0.008" classname="testngFeature.MercuryTravel"/>
  <testcase name="OpenURL" time="0.001" classname="testngFeature.MercuryTravel"/>
  <testcase name="login" time="0.001" classname="testngFeature.MercuryTravel"/>
  <testcase name="Logout" time="0.001" classname="testngFeature.MercuryTravel"/>
  <testcase name="CloseBrowser" time="0.001" classname="testngFeature.MercuryTravel"/>
  <testcase name="BookFlight" time="0.0" classname="testngFeature.MercuryTravel">
    <ignored/>
  </testcase> <!-- BookFlight -->
  <testcase name="SearchFlight" time="0.0" classname="testngFeature.MercuryTravel">
    <ignored/>
  </testcase> <!-- SearchFlight -->
</testsuite> <!-- Test1 -->
