<?xml version="1.0" encoding="UTF-8"?>
<!-- Generated by org.testng.reporters.JUnitXMLReporter -->
<testsuite hostname="P3ALAP-G01FTQF" ignored="1" name="Test" tests="27" failures="0" timestamp="2019-11-12T10:27:33 IST" time="7.784" errors="0">
  <testcase name="@BeforeTest beforeTest" time="7.607" classname="testngFeature.OpenGoogle">
    <failure type="org.openqa.selenium.SessionNotCreatedException" message="session not created
from disconnected: received Inspector.detached event
  (Session info: chrome=78.0.3904.87)
Build info: version: &amp;apos;3.141.59&amp;apos;, revision: &amp;apos;e82be7d358&amp;apos;, time: &amp;apos;2018-11-14T08:17:03&amp;apos;
System info: host: &amp;apos;P3ALAP-G01FTQF&amp;apos;, ip: &amp;apos;10.222.162.86&amp;apos;, os.name: &amp;apos;Windows 10&amp;apos;, os.arch: &amp;apos;amd64&amp;apos;, os.version: &amp;apos;10.0&amp;apos;, java.version: &amp;apos;1.8.0_201&amp;apos;
Driver info: driver.version: ChromeDriver
remote stacktrace: Backtrace:
	Ordinal0 [0x002AA903+1550595]
	Ordinal0 [0x0022A701+1025793]
	Ordinal0 [0x001AC6E5+509669]
	Ordinal0 [0x001A5229+479785]
	Ordinal0 [0x001A4DFA+478714]
	Ordinal0 [0x001A4878+477304]
	Ordinal0 [0x001A3FEA+475114]
	Ordinal0 [0x001A4105+475397]
	Ordinal0 [0x001A3BB5+474037]
	Ordinal0 [0x001AB445+504901]
	Ordinal0 [0x001A3B68+473960]
	Ordinal0 [0x001A451B+476443]
	Ordinal0 [0x001A3FEA+475114]
	Ordinal0 [0x001A4105+475397]
	Ordinal0 [0x001A3BB5+474037]
	Ordinal0 [0x001A9D8E+499086]
	Ordinal0 [0x001A3B68+473960]
	Ordinal0 [0x001A451B+476443]
	Ordinal0 [0x001A3FEA+475114]
	Ordinal0 [0x001A4105+475397]
	Ordinal0 [0x001A3BB5+474037]
	Ordinal0 [0x001A860D+493069]
	Ordinal0 [0x001A3B68+473960]
	Ordinal0 [0x001A451B+476443]
	Ordinal0 [0x001A3FEA+475114]
	Ordinal0 [0x001A4105+475397]
	Ordinal0 [0x001A3BB5+474037]
	Ordinal0 [0x001A7CC7+490695]
	Ordinal0 [0x001A3B68+473960]
	Ordinal0 [0x001A451B+476443]
	Ordinal0 [0x001A3FEA+475114]
	Ordinal0 [0x001A4105+475397]
	Ordinal0 [0x001A3BB5+474037]
	Ordinal0 [0x001A07AC+460716]
	Ordinal0 [0x001A3B68+473960]
	Ordinal0 [0x001A3A44+473668]
	Ordinal0 [0x001AD330+512816]
	Ordinal0 [0x0015B649+177737]
	Ordinal0 [0x0015A8ED+174317]
	Ordinal0 [0x00158CDB+167131]
	Ordinal0 [0x0014144A+70730]
	Ordinal0 [0x001424D0+74960]
	Ordinal0 [0x00142469+74857]
	Ordinal0 [0x002442C7+1131207]
	GetHandleVerifier [0x003470FD+523789]
	GetHandleVerifier [0x00346E90+523168]
	GetHandleVerifier [0x0034E1E7+552695]
	GetHandleVerifier [0x003478FA+525834]
	Ordinal0 [0x0023B7FC+1095676]
	Ordinal0 [0x0024633B+1139515]
	Ordinal0 [0x002464A3+1139875]
	Ordinal0 [0x00245425+1135653]
	BaseThreadInitThunk [0x753C0419+25]
	RtlGetAppContainerNamedObjectPath [0x777C662D+237]
	RtlGetAppContainerNamedObjectPath [0x777C65FD+189]
">
      <![CDATA[org.openqa.selenium.SessionNotCreatedException: session not created
from disconnected: received Inspector.detached event
  (Session info: chrome=78.0.3904.87)
Build info: version: '3.141.59', revision: 'e82be7d358', time: '2018-11-14T08:17:03'
System info: host: 'P3ALAP-G01FTQF', ip: '10.222.162.86', os.name: 'Windows 10', os.arch: 'amd64', os.version: '10.0', java.version: '1.8.0_201'
Driver info: driver.version: ChromeDriver
remote stacktrace: Backtrace:
Ordinal0 [0x002AA903+1550595]
Ordinal0 [0x0022A701+1025793]
Ordinal0 [0x001AC6E5+509669]
Ordinal0 [0x001A5229+479785]
Ordinal0 [0x001A4DFA+478714]
Ordinal0 [0x001A4878+477304]
Ordinal0 [0x001A3FEA+475114]
Ordinal0 [0x001A4105+475397]
Ordinal0 [0x001A3BB5+474037]
Ordinal0 [0x001AB445+504901]
Ordinal0 [0x001A3B68+473960]
Ordinal0 [0x001A451B+476443]
Ordinal0 [0x001A3FEA+475114]
Ordinal0 [0x001A4105+475397]
Ordinal0 [0x001A3BB5+474037]
Ordinal0 [0x001A9D8E+499086]
Ordinal0 [0x001A3B68+473960]
Ordinal0 [0x001A451B+476443]
Ordinal0 [0x001A3FEA+475114]
Ordinal0 [0x001A4105+475397]
Ordinal0 [0x001A3BB5+474037]
Ordinal0 [0x001A860D+493069]
Ordinal0 [0x001A3B68+473960]
Ordinal0 [0x001A451B+476443]
Ordinal0 [0x001A3FEA+475114]
Ordinal0 [0x001A4105+475397]
Ordinal0 [0x001A3BB5+474037]
Ordinal0 [0x001A7CC7+490695]
Ordinal0 [0x001A3B68+473960]
Ordinal0 [0x001A451B+476443]
Ordinal0 [0x001A3FEA+475114]
Ordinal0 [0x001A4105+475397]
Ordinal0 [0x001A3BB5+474037]
Ordinal0 [0x001A07AC+460716]
Ordinal0 [0x001A3B68+473960]
Ordinal0 [0x001A3A44+473668]
Ordinal0 [0x001AD330+512816]
Ordinal0 [0x0015B649+177737]
Ordinal0 [0x0015A8ED+174317]
Ordinal0 [0x00158CDB+167131]
Ordinal0 [0x0014144A+70730]
Ordinal0 [0x001424D0+74960]
Ordinal0 [0x00142469+74857]
Ordinal0 [0x002442C7+1131207]
GetHandleVerifier [0x003470FD+523789]
GetHandleVerifier [0x00346E90+523168]
GetHandleVerifier [0x0034E1E7+552695]
GetHandleVerifier [0x003478FA+525834]
Ordinal0 [0x0023B7FC+1095676]
Ordinal0 [0x0024633B+1139515]
Ordinal0 [0x002464A3+1139875]
Ordinal0 [0x00245425+1135653]
BaseThreadInitThunk [0x753C0419+25]
RtlGetAppContainerNamedObjectPath [0x777C662D+237]
RtlGetAppContainerNamedObjectPath [0x777C65FD+189]

at org.openqa.selenium.remote.W3CHandshakeResponse.lambda$errorHandler$0(W3CHandshakeResponse.java:62)
at org.openqa.selenium.remote.HandshakeResponse.lambda$getResponseFunction$0(HandshakeResponse.java:30)
at org.openqa.selenium.remote.ProtocolHandshake.lambda$createSession$0(ProtocolHandshake.java:126)
at java.util.stream.ReferencePipeline$3$1.accept(ReferencePipeline.java:193)
at java.util.Spliterators$ArraySpliterator.tryAdvance(Spliterators.java:958)
at java.util.stream.ReferencePipeline.forEachWithCancel(ReferencePipeline.java:126)
at java.util.stream.AbstractPipeline.copyIntoWithCancel(AbstractPipeline.java:498)
at java.util.stream.AbstractPipeline.copyInto(AbstractPipeline.java:485)
at java.util.stream.AbstractPipeline.wrapAndCopyInto(AbstractPipeline.java:471)
at java.util.stream.FindOps$FindOp.evaluateSequential(FindOps.java:152)
at java.util.stream.AbstractPipeline.evaluate(AbstractPipeline.java:234)
at java.util.stream.ReferencePipeline.findFirst(ReferencePipeline.java:464)
at org.openqa.selenium.remote.ProtocolHandshake.createSession(ProtocolHandshake.java:128)
at org.openqa.selenium.remote.ProtocolHandshake.createSession(ProtocolHandshake.java:74)
at org.openqa.selenium.remote.HttpCommandExecutor.execute(HttpCommandExecutor.java:136)
at org.openqa.selenium.remote.service.DriverCommandExecutor.execute(DriverCommandExecutor.java:83)
at org.openqa.selenium.remote.RemoteWebDriver.execute(RemoteWebDriver.java:552)
at org.openqa.selenium.remote.RemoteWebDriver.startSession(RemoteWebDriver.java:213)
at org.openqa.selenium.remote.RemoteWebDriver.<init>(RemoteWebDriver.java:131)
at org.openqa.selenium.chrome.ChromeDriver.<init>(ChromeDriver.java:181)
at org.openqa.selenium.chrome.ChromeDriver.<init>(ChromeDriver.java:168)
at org.openqa.selenium.chrome.ChromeDriver.<init>(ChromeDriver.java:123)
at testngFeature.OpenGoogle.beforeTest(OpenGoogle.java:22)
... Removed 32 stack frames]]>
    </failure>
  </testcase> <!-- @BeforeTest beforeTest -->
  <testcase name="@BeforeClass beforeClass" time="-1.573534653489E9" classname="testngFeature.DemoTestngSeq">
    <skipped/>
  </testcase> <!-- @BeforeClass beforeClass -->
  <testcase name="@BeforeMethod beforeMethod" time="-1.57353465349E9" classname="testngFeature.DemoTestngSeq">
    <skipped/>
  </testcase> <!-- @BeforeMethod beforeMethod -->
  <testcase name="@AfterMethod afterMethod" time="-1.573534653491E9" classname="testngFeature.DemoTestngSeq">
    <skipped/>
  </testcase> <!-- @AfterMethod afterMethod -->
  <testcase name="@AfterClass afterClass" time="-1.573534653491E9" classname="testngFeature.DemoTestngSeq">
    <skipped/>
  </testcase> <!-- @AfterClass afterClass -->
  <testcase name="@AfterTest afterTest" time="-1.573534653542E9" classname="testngFeature.DemoTestngSeq">
    <skipped/>
  </testcase> <!-- @AfterTest afterTest -->
  <testcase name="@AfterTest afterTest" time="-1.573534653542E9" classname="testngFeature.OpenGoogle">
    <skipped/>
  </testcase> <!-- @AfterTest afterTest -->
  <testcase name="test1" time="0.001" classname="testngFeature.DemoAssertEquals">
    <skipped/>
  </testcase> <!-- test1 -->
  <testcase name="test2" time="0.0" classname="testngFeature.DemoAssertEquals">
    <skipped/>
  </testcase> <!-- test2 -->
  <testcase name="test3" time="0.0" classname="testngFeature.DemoAssertEquals">
    <skipped/>
  </testcase> <!-- test3 -->
  <testcase name="test4" time="0.0" classname="testngFeature.DemoAssertEquals">
    <skipped/>
  </testcase> <!-- test4 -->
  <testcase name="test1" time="0.0" classname="testngFeature.DemoAssertion">
    <skipped/>
  </testcase> <!-- test1 -->
  <testcase name="test2" time="0.0" classname="testngFeature.DemoAssertion">
    <skipped/>
  </testcase> <!-- test2 -->
  <testcase name="test3" time="0.0" classname="testngFeature.DemoAssertion">
    <skipped/>
  </testcase> <!-- test3 -->
  <testcase name="login" time="0.0" classname="testngFeature.DemoDataProvider">
    <skipped/>
  </testcase> <!-- login -->
  <testcase name="login" time="0.0" classname="testngFeature.DemoDataProvider">
    <skipped/>
  </testcase> <!-- login -->
  <testcase name="login" time="0.0" classname="testngFeature.DemoDataProvider">
    <skipped/>
  </testcase> <!-- login -->
  <testcase name="openBrowser" time="0.0" classname="testngFeature.DemodependaOn">
    <skipped/>
  </testcase> <!-- openBrowser -->
  <testcase name="login" time="0.0" classname="testngFeature.DemodependaOn">
    <skipped/>
  </testcase> <!-- login -->
  <testcase name="logout" time="0.0" classname="testngFeature.DemodependaOn">
    <skipped/>
  </testcase> <!-- logout -->
  <testcase name="f" time="0.0" classname="testngFeature.DemoSoftAssert">
    <skipped/>
  </testcase> <!-- f -->
  <testcase name="f" time="0.0" classname="testngFeature.DemoTestngSeq">
    <skipped/>
  </testcase> <!-- f -->
  <testcase name="f" time="0.0" classname="testngFeature.DemoVerify">
    <skipped/>
  </testcase> <!-- f -->
  <testcase name="OpenBrowser" time="0.0" classname="testngFeature.MercuryTravel">
    <skipped/>
  </testcase> <!-- OpenBrowser -->
  <testcase name="OpenURL" time="0.0" classname="testngFeature.MercuryTravel">
    <skipped/>
  </testcase> <!-- OpenURL -->
  <testcase name="login" time="0.0" classname="testngFeature.MercuryTravel">
    <skipped/>
  </testcase> <!-- login -->
  <testcase name="BookFlight" time="0.0" classname="testngFeature.MercuryTravel">
    <skipped/>
  </testcase> <!-- BookFlight -->
  <testcase name="Logout" time="0.0" classname="testngFeature.MercuryTravel">
    <skipped/>
  </testcase> <!-- Logout -->
  <testcase name="CloseBrowser" time="0.0" classname="testngFeature.MercuryTravel">
    <skipped/>
  </testcase> <!-- CloseBrowser -->
  <testcase name="OpenChrome" time="0.0" classname="testngFeature.MultipleBrowserTest">
    <skipped/>
  </testcase> <!-- OpenChrome -->
  <testcase name="OpenFirefox" time="0.0" classname="testngFeature.MultipleBrowserTest">
    <skipped/>
  </testcase> <!-- OpenFirefox -->
  <testcase name="OpenIE" time="0.0" classname="testngFeature.MultipleBrowserTest">
    <skipped/>
  </testcase> <!-- OpenIE -->
  <testcase name="f" time="0.0" classname="testngFeature.NewTest">
    <skipped/>
  </testcase> <!-- f -->
  <testcase name="f" time="0.0" classname="testngFeature.OpenGoogle">
    <skipped/>
  </testcase> <!-- f -->
  <testcase name="SearchFlight" time="0.0" classname="testngFeature.MercuryTravel">
    <ignored/>
  </testcase> <!-- SearchFlight -->
</testsuite> <!-- Test -->
