<?xml version="1.0" encoding="UTF-8"?>
<testsuite xmlns:xsi="http://www.w3.org/2001/XMLSchema-instance" xsi:noNamespaceSchemaLocation="https://maven.apache.org/surefire/maven-surefire-plugin/xsd/surefire-test-report.xsd" name="TestSuite" time="9.257" tests="35" errors="0" skipped="34" failures="1">
  <properties>
[...]
</properties>
  <testcase name="beforeTest" classname="testngFeature.OpenGoogle" time="8.623">
    <failure message="session not created&#10;from disconnected: received Inspector.detached event&#10;  (Session info: chrome=78.0.3904.87)&#10;Build info: version: &apos;3.141.59&apos;, revision: &apos;e82be7d358&apos;, time: &apos;2018-11-14T08:17:03&apos;&#10;System info: host: &apos;P3ALAP-G01FTQF&apos;, ip: &apos;10.222.162.86&apos;, os.name: &apos;Windows 10&apos;, os.arch: &apos;amd64&apos;, os.version: &apos;10.0&apos;, java.version: &apos;1.8.0_201&apos;&#10;Driver info: driver.version: ChromeDriver&#10;remote stacktrace: Backtrace:&#10;	Ordinal0 [0x002AA903+1550595]&#10;	Ordinal0 [0x0022A701+1025793]&#10;	Ordinal0 [0x001AC6E5+509669]&#10;	Ordinal0 [0x001A5229+479785]&#10;	Ordinal0 [0x001A4DFA+478714]&#10;	Ordinal0 [0x001A4878+477304]&#10;	Ordinal0 [0x001A3FEA+475114]&#10;	Ordinal0 [0x001A4105+475397]&#10;	Ordinal0 [0x001A3BB5+474037]&#10;	Ordinal0 [0x001AB445+504901]&#10;	Ordinal0 [0x001A3B68+473960]&#10;	Ordinal0 [0x001A451B+476443]&#10;	Ordinal0 [0x001A3FEA+475114]&#10;	Ordinal0 [0x001A4105+475397]&#10;	Ordinal0 [0x001A3BB5+474037]&#10;	Ordinal0 [0x001A9D8E+499086]&#10;	Ordinal0 [0x001A3B68+473960]&#10;	Ordinal0 [0x001A451B+476443]&#10;	Ordinal0 [0x001A3FEA+475114]&#10;	Ordinal0 [0x001A4105+475397]&#10;	Ordinal0 [0x001A3BB5+474037]&#10;	Ordinal0 [0x001A860D+493069]&#10;	Ordinal0 [0x001A3B68+473960]&#10;	Ordinal0 [0x001A451B+476443]&#10;	Ordinal0 [0x001A3FEA+475114]&#10;	Ordinal0 [0x001A4105+475397]&#10;	Ordinal0 [0x001A3BB5+474037]&#10;	Ordinal0 [0x001A7CC7+490695]&#10;	Ordinal0 [0x001A3B68+473960]&#10;	Ordinal0 [0x001A451B+476443]&#10;	Ordinal0 [0x001A3FEA+475114]&#10;	Ordinal0 [0x001A4105+475397]&#10;	Ordinal0 [0x001A3BB5+474037]&#10;	Ordinal0 [0x001A07AC+460716]&#10;	Ordinal0 [0x001A3B68+473960]&#10;	Ordinal0 [0x001A3A44+473668]&#10;	Ordinal0 [0x001AD330+512816]&#10;	Ordinal0 [0x0015B649+177737]&#10;	Ordinal0 [0x0015A8ED+174317]&#10;	Ordinal0 [0x00158CDB+167131]&#10;	Ordinal0 [0x0014144A+70730]&#10;	Ordinal0 [0x001424D0+74960]&#10;	Ordinal0 [0x00142469+74857]&#10;	Ordinal0 [0x002442C7+1131207]&#10;	GetHandleVerifier [0x003470FD+523789]&#10;	GetHandleVerifier [0x00346E90+523168]&#10;	GetHandleVerifier [0x0034E1E7+552695]&#10;	GetHandleVerifier [0x003478FA+525834]&#10;	Ordinal0 [0x0023B7FC+1095676]&#10;	Ordinal0 [0x0024633B+1139515]&#10;	Ordinal0 [0x002464A3+1139875]&#10;	Ordinal0 [0x00245425+1135653]&#10;	BaseThreadInitThunk [0x753C0419+25]&#10;	RtlGetAppContainerNamedObjectPath [0x777C662D+237]&#10;	RtlGetAppContainerNamedObjectPath [0x777C65FD+189]&#10;" type="org.openqa.selenium.SessionNotCreatedException">org.openqa.selenium.SessionNotCreatedException: 
session not created
from disconnected: received Inspector.detached event
  (Session info: chrome=78.0.3904.87)
Build info: version: '3.141.59', revision: 'e82be7d358', time: '2018-11-14T08:17:03'
System info: host: 'P3ALAP-G01FTQF', ip: '10.222.162.86', os.name: 'Windows 10', os.arch: 'amd64', os.version: '10.0', java.version: '1.8.0_201'
Driver info: driver.version: ChromeDriver
remote stacktrace: Backtrace:
	Ordinal0 [0x002AA903+1550595]
	Ordinal0 [0x0022A701+1025793]
	Ordinal0 [0x001AC6E5+509669]
	Ordinal0 [0x001A5229+479785]
	Ordinal0 [0x001A4DFA+478714]
	Ordinal0 [0x001A4878+477304]
	Ordinal0 [0x001A3FEA+475114]
	Ordinal0 [0x001A4105+475397]
	Ordinal0 [0x001A3BB5+474037]
	Ordinal0 [0x001AB445+504901]
	Ordinal0 [0x001A3B68+473960]
	Ordinal0 [0x001A451B+476443]
	Ordinal0 [0x001A3FEA+475114]
	Ordinal0 [0x001A4105+475397]
	Ordinal0 [0x001A3BB5+474037]
	Ordinal0 [0x001A9D8E+499086]
	Ordinal0 [0x001A3B68+473960]
	Ordinal0 [0x001A451B+476443]
	Ordinal0 [0x001A3FEA+475114]
	Ordinal0 [0x001A4105+475397]
	Ordinal0 [0x001A3BB5+474037]
	Ordinal0 [0x001A860D+493069]
	Ordinal0 [0x001A3B68+473960]
	Ordinal0 [0x001A451B+476443]
	Ordinal0 [0x001A3FEA+475114]
	Ordinal0 [0x001A4105+475397]
	Ordinal0 [0x001A3BB5+474037]
	Ordinal0 [0x001A7CC7+490695]
	Ordinal0 [0x001A3B68+473960]
	Ordinal0 [0x001A451B+476443]
	Ordinal0 [0x001A3FEA+475114]
	Ordinal0 [0x001A4105+475397]
	Ordinal0 [0x001A3BB5+474037]
	Ordinal0 [0x001A07AC+460716]
	Ordinal0 [0x001A3B68+473960]
	Ordinal0 [0x001A3A44+473668]
	Ordinal0 [0x001AD330+512816]
	Ordinal0 [0x0015B649+177737]
	Ordinal0 [0x0015A8ED+174317]
	Ordinal0 [0x00158CDB+167131]
	Ordinal0 [0x0014144A+70730]
	Ordinal0 [0x001424D0+74960]
	Ordinal0 [0x00142469+74857]
	Ordinal0 [0x002442C7+1131207]
	GetHandleVerifier [0x003470FD+523789]
	GetHandleVerifier [0x00346E90+523168]
	GetHandleVerifier [0x0034E1E7+552695]
	GetHandleVerifier [0x003478FA+525834]
	Ordinal0 [0x0023B7FC+1095676]
	Ordinal0 [0x0024633B+1139515]
	Ordinal0 [0x002464A3+1139875]
	Ordinal0 [0x00245425+1135653]
	BaseThreadInitThunk [0x753C0419+25]
	RtlGetAppContainerNamedObjectPath [0x777C662D+237]
	RtlGetAppContainerNamedObjectPath [0x777C65FD+189]

	at testngFeature.OpenGoogle.beforeTest(OpenGoogle.java:22)
</failure>
    <system-out><![CDATA[[TestNGContentHandler] [WARN] It is strongly recommended to add "<!DOCTYPE suite SYSTEM "https://testng.org/testng-1.0.dtd" >" at the top of your file, otherwise TestNG may fail or not work as expected.
I am in @BeforeSuite annotation
I am in @Beforetest annotation
]]></system-out>
    <system-err><![CDATA[Starting ChromeDriver 78.0.3904.70 (edb9c9f3de0247fd912a77b7f6cae7447f6d3ad5-refs/branch-heads/3904@{#800}) on port 30903
Only local connections are allowed.
Please protect ports used by ChromeDriver and related test frameworks to prevent access by malicious code.
]]>