<?xml version="1.0" encoding="UTF-8"?>
<testng-results skipped="27" failed="0" ignored="1" total="28" passed="0">
  <reporter-output>
  </reporter-output>
  <suite name="Suite" duration-ms="7784" started-at="2019-11-12T10:27:25 IST" finished-at="2019-11-12T10:27:33 IST">
    <groups>
    </groups>
    <test name="Test" duration-ms="7784" started-at="2019-11-12T10:27:25 IST" finished-at="2019-11-12T10:27:33 IST">
      <class name="testngFeature.DemoAssertion">
        <test-method status="SKIP" signature="test1()[pri:0, instance:testngFeature.DemoAssertion@31ef45e3]" name="test1" duration-ms="0" started-at="2019-11-12T10:27:33 IST" finished-at="2019-11-12T10:27:33 IST">
          <exception class="org.openqa.selenium.SessionNotCreatedException">
            <message>
              <![CDATA[session not created
from disconnected: received Inspector.detached event
  (Session info: chrome=78.0.3904.87)
Build info: version: '3.141.59', revision: 'e82be7d358', time: '2018-11-14T08:17:03'
System info: host: 'P3ALAP-G01FTQF', ip: '10.222.162.86', os.name: 'Windows 10', os.arch: 'amd64', os.version: '10.0', java.version: '1.8.0_201'
Driver info: driver.version: ChromeDriver
remote stacktrace: Backtrace:
Ordinal0 [0x002AA903+1550595]
Ordinal0 [0x0022A701+1025793]
Ordinal0 [0x001AC6E5+509669]
Ordinal0 [0x001A5229+479785]
Ordinal0 [0x001A4DFA+478714]
Ordinal0 [0x001A4878+477304]
Ordinal0 [0x001A3FEA+475114]
Ordinal0 [0x001A4105+475397]
Ordinal0 [0x001A3BB5+474037]
Ordinal0 [0x001AB445+504901]
Ordinal0 [0x001A3B68+473960]
Ordinal0 [0x001A451B+476443]
Ordinal0 [0x001A3FEA+475114]
Ordinal0 [0x001A4105+475397]
Ordinal0 [0x001A3BB5+474037]
Ordinal0 [0x001A9D8E+499086]
Ordinal0 [0x001A3B68+473960]
Ordinal0 [0x001A451B+476443]
Ordinal0 [0x001A3FEA+475114]
Ordinal0 [0x001A4105+475397]
Ordinal0 [0x001A3BB5+474037]
Ordinal0 [0x001A860D+493069]
Ordinal0 [0x001A3B68+473960]
Ordinal0 [0x001A451B+476443]
Ordinal0 [0x001A3FEA+475114]
Ordinal0 [0x001A4105+475397]
Ordinal0 [0x001A3BB5+474037]
Ordinal0 [0x001A7CC7+490695]
Ordinal0 [0x001A3B68+473960]
Ordinal0 [0x001A451B+476443]
Ordinal0 [0x001A3FEA+475114]
Ordinal0 [0x001A4105+475397]
Ordinal0 [0x001A3BB5+474037]
Ordinal0 [0x001A07AC+460716]
Ordinal0 [0x001A3B68+473960]
Ordinal0 [0x001A3A44+473668]
Ordinal0 [0x001AD330+512816]
Ordinal0 [0x0015B649+177737]
Ordinal0 [0x0015A8ED+174317]
Ordinal0 [0x00158CDB+167131]
Ordinal0 [0x0014144A+70730]
Ordinal0 [0x001424D0+74960]
Ordinal0 [0x00142469+74857]
Ordinal0 [0x002442C7+1131207]
GetHandleVerifier [0x003470FD+523789]
GetHandleVerifier [0x00346E90+523168]
GetHandleVerifier [0x0034E1E7+552695]
GetHandleVerifier [0x003478FA+525834]
Ordinal0 [0x0023B7FC+1095676]
Ordinal0 [0x0024633B+1139515]
Ordinal0 [0x002464A3+1139875]
Ordinal0 [0x00245425+1135653]
BaseThreadInitThunk [0x753C0419+25]
RtlGetAppContainerNamedObjectPath [0x777C662D+237]
RtlGetAppContainerNamedObjectPath [0x777C65FD+189]
]]>
            </message>
            <full-stacktrace>
              <![CDATA[org.openqa.selenium.SessionNotCreatedException: session not created
from disconnected: received Inspector.detached event
  (Session info: chrome=78.0.3904.87)
Build info: version: '3.141.59', revision: 'e82be7d358', time: '2018-11-14T08:17:03'
System info: host: 'P3ALAP-G01FTQF', ip: '10.222.162.86', os.name: 'Windows 10', os.arch: 'amd64', os.version: '10.0', java.version: '1.8.0_201'
Driver info: driver.version: ChromeDriver
remote stacktrace: Backtrace:
Ordinal0 [0x002AA903+1550595]
Ordinal0 [0x0022A701+1025793]
Ordinal0 [0x001AC6E5+509669]
Ordinal0 [0x001A5229+479785]
Ordinal0 [0x001A4DFA+478714]
Ordinal0 [0x001A4878+477304]
Ordinal0 [0x001A3FEA+475114]
Ordinal0 [0x001A4105+475397]
Ordinal0 [0x001A3BB5+474037]
Ordinal0 [0x001AB445+504901]
Ordinal0 [0x001A3B68+473960]
Ordinal0 [0x001A451B+476443]
Ordinal0 [0x001A3FEA+475114]
Ordinal0 [0x001A4105+475397]
Ordinal0 [0x001A3BB5+474037]
Ordinal0 [0x001A9D8E+499086]
Ordinal0 [0x001A3B68+473960]
Ordinal0 [0x001A451B+476443]
Ordinal0 [0x001A3FEA+475114]
Ordinal0 [0x001A4105+475397]
Ordinal0 [0x001A3BB5+474037]
Ordinal0 [0x001A860D+493069]
Ordinal0 [0x001A3B68+473960]
Ordinal0 [0x001A451B+476443]
Ordinal0 [0x001A3FEA+475114]
Ordinal0 [0x001A4105+475397]
Ordinal0 [0x001A3BB5+474037]
Ordinal0 [0x001A7CC7+490695]
Ordinal0 [0x001A3B68+473960]
Ordinal0 [0x001A451B+476443]
Ordinal0 [0x001A3FEA+475114]
Ordinal0 [0x001A4105+475397]
Ordinal0 [0x001A3BB5+474037]
Ordinal0 [0x001A07AC+460716]
Ordinal0 [0x001A3B68+473960]
Ordinal0 [0x001A3A44+473668]
Ordinal0 [0x001AD330+512816]
Ordinal0 [0x0015B649+177737]
Ordinal0 [0x0015A8ED+174317]
Ordinal0 [0x00158CDB+167131]
Ordinal0 [0x0014144A+70730]
Ordinal0 [0x001424D0+74960]
Ordinal0 [0x00142469+74857]
Ordinal0 [0x002442C7+1131207]
GetHandleVerifier [0x003470FD+523789]
GetHandleVerifier [0x00346E90+523168]
GetHandleVerifier [0x0034E1E7+552695]
GetHandleVerifier [0x003478FA+525834]
Ordinal0 [0x0023B7FC+1095676]
Ordinal0 [0x0024633B+1139515]
Ordinal0 [0x002464A3+1139875]
Ordinal0 [0x00245425+1135653]
BaseThreadInitThunk [0x753C0419+25]
RtlGetAppContainerNamedObjectPath [0x777C662D+237]
RtlGetAppContainerNamedObjectPath [0x777C65FD+189]

at sun.reflect.NativeConstructorAccessorImpl.newInstance0(Native Method)
at sun.reflect.NativeConstructorAccessorImpl.newInstance(NativeConstructorAccessorImpl.java:62)
at sun.reflect.DelegatingConstructorAccessorImpl.newInstance(DelegatingConstructorAccessorImpl.java:45)
at java.lang.reflect.Constructor.newInstance(Constructor.java:423)
at org.openqa.selenium.remote.W3CHandshakeResponse.lambda$errorHandler$0(W3CHandshakeResponse.java:62)
at org.openqa.selenium.remote.HandshakeResponse.lambda$getResponseFunction$0(HandshakeResponse.java:30)
at org.openqa.selenium.remote.ProtocolHandshake.lambda$createSession$0(ProtocolHandshake.java:126)
at java.util.stream.ReferencePipeline$3$1.accept(ReferencePipeline.java:193)
at java.util.Spliterators$ArraySpliterator.tryAdvance(Spliterators.java:958)
at java.util.stream.ReferencePipeline.forEachWithCancel(ReferencePipeline.java:126)
at java.util.stream.AbstractPipeline.copyIntoWithCancel(AbstractPipeline.java:498)
at java.util.stream.AbstractPipeline.copyInto(AbstractPipeline.java:485)
at java.util.stream.AbstractPipeline.wrapAndCopyInto(AbstractPipeline.java:471)
at java.util.stream.FindOps$FindOp.evaluateSequential(FindOps.java:152)
at java.util.stream.AbstractPipeline.evaluate(AbstractPipeline.java:234)
at java.util.stream.ReferencePipeline.findFirst(ReferencePipeline.java:464)
at org.openqa.selenium.remote.ProtocolHandshake.createSession(ProtocolHandshake.java:128)
at org.openqa.selenium.remote.ProtocolHandshake.createSession(ProtocolHandshake.java:74)
at org.openqa.selenium.remote.HttpCommandExecutor.execute(HttpCommandExecutor.java:136)
at org.openqa.selenium.remote.service.DriverCommandExecutor.execute(DriverCommandExecutor.java:83)
at org.openqa.selenium.remote.RemoteWebDriver.execute(RemoteWebDriver.java:552)
at org.openqa.selenium.remote.RemoteWebDriver.startSession(RemoteWebDriver.java:213)
at org.openqa.selenium.remote.RemoteWebDriver.<init>(RemoteWebDriver.java:131)
at org.openqa.selenium.chrome.ChromeDriver.<init>(ChromeDriver.java:181)
at org.openqa.selenium.chrome.ChromeDriver.<init>(ChromeDriver.java:168)
at org.openqa.selenium.chrome.ChromeDriver.<init>(ChromeDriver.java:123)
at testngFeature.OpenGoogle.beforeTest(OpenGoogle.java:22)
at sun.reflect.NativeMethodAccessorImpl.invoke0(Native Method)
at sun.reflect.NativeMethodAccessorImpl.invoke(NativeMethodAccessorImpl.java:62)
at sun.reflect.DelegatingMethodAccessorImpl.invoke(DelegatingMethodAccessorImpl.java:43)
at java.lang.reflect.Method.invoke(Method.java:498)
at org.testng.internal.MethodInvocationHelper.invokeMethod(MethodInvocationHelper.java:133)
at org.testng.internal.MethodInvocationHelper.invokeMethodConsideringTimeout(MethodInvocationHelper.java:62)
at org.testng.internal.ConfigInvoker.invokeConfigurationMethod(ConfigInvoker.java:340)
at org.testng.internal.ConfigInvoker.invokeConfigurations(ConfigInvoker.java:294)
at org.testng.TestRunner.invokeTestConfigurations(TestRunner.java:623)
at org.testng.TestRunner.beforeRun(TestRunner.java:613)
at org.testng.TestRunner.run(TestRunner.java:584)
at org.testng.SuiteRunner.runTest(SuiteRunner.java:402)
at org.testng.SuiteRunner.runSequentially(SuiteRunner.java:396)
at org.testng.SuiteRunner.privateRun(SuiteRunner.java:355)
at org.testng.SuiteRunner.run(SuiteRunner.java:304)
at org.testng.SuiteRunnerWorker.runSuite(SuiteRunnerWorker.java:53)
at org.testng.SuiteRunnerWorker.run(SuiteRunnerWorker.java:96)
at org.testng.TestNG.runSuitesSequentially(TestNG.java:1180)
at org.testng.TestNG.runSuitesLocally(TestNG.java:1102)
at org.testng.TestNG.runSuites(TestNG.java:1032)
at org.testng.TestNG.run(TestNG.java:1000)
at org.apache.maven.surefire.testng.TestNGExecutor.run(TestNGExecutor.java:283)
at org.apache.maven.surefire.testng.TestNGXmlTestSuite.execute(TestNGXmlTestSuite.java:75)
at org.apache.maven.surefire.testng.TestNGProvider.invoke(TestNGProvider.java:120)
at org.apache.maven.surefire.booter.ForkedBooter.invokeProviderInSameClassLoader(ForkedBooter.java:383)
at org.apache.maven.surefire.booter.ForkedBooter.runSuitesInProcess(ForkedBooter.java:344)
at org.apache.maven.surefire.booter.ForkedBooter.execute(ForkedBooter.java:125)
at org.apache.maven.surefire.booter.ForkedBooter.main(ForkedBooter.java:417)
]]>
            </full-stacktrace>
          </exception> <!-- org.openqa.selenium.SessionNotCreatedException -->
          <reporter-output>
          </reporter-output>
        </test-method> <!-- test1 -->
        <test-method status="SKIP" signature="test2()[pri:0, instance:testngFeature.DemoAssertion@31ef45e3]" name="test2" duration-ms="0" started-at="2019-11-12T10:27:33 IST" finished-at="2019-11-12T10:27:33 IST">
          <exception class="org.openqa.selenium.SessionNotCreatedException">
            <message>
              <![CDATA[session not created
from disconnected: received Inspector.detached event
  (Session info: chrome=78.0.3904.87)
Build info: version: '3.141.59', revision: 'e82be7d358', time: '2018-11-14T08:17:03'
System info: host: 'P3ALAP-G01FTQF', ip: '10.222.162.86', os.name: 'Windows 10', os.arch: 'amd64', os.version: '10.0', java.version: '1.8.0_201'
Driver info: driver.version: ChromeDriver
remote stacktrace: Backtrace:
Ordinal0 [0x002AA903+1550595]
Ordinal0 [0x0022A701+1025793]
Ordinal0 [0x001AC6E5+509669]
Ordinal0 [0x001A5229+479785]
Ordinal0 [0x001A4DFA+478714]
Ordinal0 [0x001A4878+477304]
Ordinal0 [0x001A3FEA+475114]
Ordinal0 [0x001A4105+475397]
Ordinal0 [0x001A3BB5+474037]
Ordinal0 [0x001AB445+504901]
Ordinal0 [0x001A3B68+473960]
Ordinal0 [0x001A451B+476443]
Ordinal0 [0x001A3FEA+475114]
Ordinal0 [0x001A4105+475397]
Ordinal0 [0x001A3BB5+474037]
Ordinal0 [0x001A9D8E+499086]
Ordinal0 [0x001A3B68+473960]
Ordinal0 [0x001A451B+476443]
Ordinal0 [0x001A3FEA+475114]
Ordinal0 [0x001A4105+475397]
Ordinal0 [0x001A3BB5+474037]
Ordinal0 [0x001A860D+493069]
Ordinal0 [0x001A3B68+473960]
Ordinal0 [0x001A451B+476443]
Ordinal0 [0x001A3FEA+475114]
Ordinal0 [0x001A4105+475397]
Ordinal0 [0x001A3BB5+474037]
Ordinal0 [0x001A7CC7+490695]
Ordinal0 [0x001A3B68+473960]
Ordinal0 [0x001A451B+476443]
Ordinal0 [0x001A3FEA+475114]
Ordinal0 [0x001A4105+475397]
Ordinal0 [0x001A3BB5+474037]
Ordinal0 [0x001A07AC+460716]
Ordinal0 [0x001A3B68+473960]
Ordinal0 [0x001A3A44+473668]
Ordinal0 [0x001AD330+512816]
Ordinal0 [0x0015B649+177737]
Ordinal0 [0x0015A8ED+174317]
Ordinal0 [0x00158CDB+167131]
Ordinal0 [0x0014144A+70730]
Ordinal0 [0x001424D0+74960]
Ordinal0 [0x00142469+74857]
Ordinal0 [0x002442C7+1131207]
GetHandleVerifier [0x003470FD+523789]
GetHandleVerifier [0x00346E90+523168]
GetHandleVerifier [0x0034E1E7+552695]
GetHandleVerifier [0x003478FA+525834]
Ordinal0 [0x0023B7FC+1095676]
Ordinal0 [0x0024633B+1139515]
Ordinal0 [0x002464A3+1139875]
Ordinal0 [0x00245425+1135653]
BaseThreadInitThunk [0x753C0419+25]
RtlGetAppContainerNamedObjectPath [0x777C662D+237]
RtlGetAppContainerNamedObjectPath [0x777C65FD+189]
]]>
            </message>
            <full-stacktrace>
              <![CDATA[org.openqa.selenium.SessionNotCreatedException: session not created
from disconnected: received Inspector.detached event
  (Session info: chrome=78.0.3904.87)
Build info: version: '3.141.59', revision: 'e82be7d358', time: '2018-11-14T08:17:03'
System info: host: 'P3ALAP-G01FTQF', ip: '10.222.162.86', os.name: 'Windows 10', os.arch: 'amd64', os.version: '10.0', java.version: '1.8.0_201'
Driver info: driver.version: ChromeDriver
remote stacktrace: Backtrace:
Ordinal0 [0x002AA903+1550595]
Ordinal0 [0x0022A701+1025793]
Ordinal0 [0x001AC6E5+509669]
Ordinal0 [0x001A5229+479785]
Ordinal0 [0x001A4DFA+478714]
Ordinal0 [0x001A4878+477304]
Ordinal0 [0x001A3FEA+475114]
Ordinal0 [0x001A4105+475397]
Ordinal0 [0x001A3BB5+474037]
Ordinal0 [0x001AB445+504901]
Ordinal0 [0x001A3B68+473960]
Ordinal0 [0x001A451B+476443]
Ordinal0 [0x001A3FEA+475114]
Ordinal0 [0x001A4105+475397]
Ordinal0 [0x001A3BB5+474037]
Ordinal0 [0x001A9D8E+499086]
Ordinal0 [0x001A3B68+473960]
Ordinal0 [0x001A451B+476443]
Ordinal0 [0x001A3FEA+475114]
Ordinal0 [0x001A4105+475397]
Ordinal0 [0x001A3BB5+474037]
Ordinal0 [0x001A860D+493069]
Ordinal0 [0x001A3B68+473960]
Ordinal0 [0x001A451B+476443]
Ordinal0 [0x001A3FEA+475114]
Ordinal0 [0x001A4105+475397]
Ordinal0 [0x001A3BB5+474037]
Ordinal0 [0x001A7CC7+490695]
Ordinal0 [0x001A3B68+473960]
Ordinal0 [0x001A451B+476443]
Ordinal0 [0x001A3FEA+475114]
Ordinal0 [0x001A4105+475397]
Ordinal0 [0x001A3BB5+474037]
Ordinal0 [0x001A07AC+460716]
Ordinal0 [0x001A3B68+473960]
Ordinal0 [0x001A3A44+473668]
Ordinal0 [0x001AD330+512816]
Ordinal0 [0x0015B649+177737]
Ordinal0 [0x0015A8ED+174317]
Ordinal0 [0x00158CDB+167131]
Ordinal0 [0x0014144A+70730]
Ordinal0 [0x001424D0+74960]
Ordinal0 [0x00142469+74857]
Ordinal0 [0x002442C7+1131207]
GetHandleVerifier [0x003470FD+523789]
GetHandleVerifier [0x00346E90+523168]
GetHandleVerifier [0x0034E1E7+552695]
GetHandleVerifier [0x003478FA+525834]
Ordinal0 [0x0023B7FC+1095676]
Ordinal0 [0x0024633B+1139515]
Ordinal0 [0x002464A3+1139875]
Ordinal0 [0x00245425+1135653]
BaseThreadInitThunk [0x753C0419+25]
RtlGetAppContainerNamedObjectPath [0x777C662D+237]
RtlGetAppContainerNamedObjectPath [0x777C65FD+189]

at sun.reflect.NativeConstructorAccessorImpl.newInstance0(Native Method)
at sun.reflect.NativeConstructorAccessorImpl.newInstance(NativeConstructorAccessorImpl.java:62)
at sun.reflect.DelegatingConstructorAccessorImpl.newInstance(DelegatingConstructorAccessorImpl.java:45)
at java.lang.reflect.Constructor.newInstance(Constructor.java:423)
at org.openqa.selenium.remote.W3CHandshakeResponse.lambda$errorHandler$0(W3CHandshakeResponse.java:62)
at org.openqa.selenium.remote.HandshakeResponse.lambda$getResponseFunction$0(HandshakeResponse.java:30)
at org.openqa.selenium.remote.ProtocolHandshake.lambda$createSession$0(ProtocolHandshake.java:126)
at java.util.stream.ReferencePipeline$3$1.accept(ReferencePipeline.java:193)
at java.util.Spliterators$ArraySpliterator.tryAdvance(Spliterators.java:958)
at java.util.stream.ReferencePipeline.forEachWithCancel(ReferencePipeline.java:126)
at java.util.stream.AbstractPipeline.copyIntoWithCancel(AbstractPipeline.java:498)
at java.util.stream.AbstractPipeline.copyInto(AbstractPipeline.java:485)
at java.util.stream.AbstractPipeline.wrapAndCopyInto(AbstractPipeline.java:471)
at java.util.stream.FindOps$FindOp.evaluateSequential(FindOps.java:152)
at java.util.stream.AbstractPipeline.evaluate(AbstractPipeline.java:234)
at java.util.stream.ReferencePipeline.findFirst(ReferencePipeline.java:464)
at org.openqa.selenium.remote.ProtocolHandshake.createSession(ProtocolHandshake.java:128)
at org.openqa.selenium.remote.ProtocolHandshake.createSession(ProtocolHandshake.java:74)
at org.openqa.selenium.remote.HttpCommandExecutor.execute(HttpCommandExecutor.java:136)
at org.openqa.selenium.remote.service.DriverCommandExecutor.execute(DriverCommandExecutor.java:83)
at org.openqa.selenium.remote.RemoteWebDriver.execute(RemoteWebDriver.java:552)
at org.openqa.selenium.remote.RemoteWebDriver.startSession(RemoteWebDriver.java:213)
at org.openqa.selenium.remote.RemoteWebDriver.<init>(RemoteWebDriver.java:131)
at org.openqa.selenium.chrome.ChromeDriver.<init>(ChromeDriver.java:181)
at org.openqa.selenium.chrome.ChromeDriver.<init>(ChromeDriver.java:168)
at org.openqa.selenium.chrome.ChromeDriver.<init>(ChromeDriver.java:123)
at testngFeature.OpenGoogle.beforeTest(OpenGoogle.java:22)
at sun.reflect.NativeMethodAccessorImpl.invoke0(Native Method)
at sun.reflect.NativeMethodAccessorImpl.invoke(NativeMethodAccessorImpl.java:62)
at sun.reflect.DelegatingMethodAccessorImpl.invoke(DelegatingMethodAccessorImpl.java:43)
at java.lang.reflect.Method.invoke(Method.java:498)
at org.testng.internal.MethodInvocationHelper.invokeMethod(MethodInvocationHelper.java:133)
at org.testng.internal.MethodInvocationHelper.invokeMethodConsideringTimeout(MethodInvocationHelper.java:62)
at org.testng.internal.ConfigInvoker.invokeConfigurationMethod(ConfigInvoker.java:340)
at org.testng.internal.ConfigInvoker.invokeConfigurations(ConfigInvoker.java:294)
at org.testng.TestRunner.invokeTestConfigurations(TestRunner.java:623)
at org.testng.TestRunner.beforeRun(TestRunner.java:613)
at org.testng.TestRunner.run(TestRunner.java:584)
at org.testng.SuiteRunner.runTest(SuiteRunner.java:402)
at org.testng.SuiteRunner.runSequentially(SuiteRunner.java:396)
at org.testng.SuiteRunner.privateRun(SuiteRunner.java:355)
at org.testng.SuiteRunner.run(SuiteRunner.java:304)
at org.testng.SuiteRunnerWorker.runSuite(SuiteRunnerWorker.java:53)
at org.testng.SuiteRunnerWorker.run(SuiteRunnerWorker.java:96)
at org.testng.TestNG.runSuitesSequentially(TestNG.java:1180)
at org.testng.TestNG.runSuitesLocally(TestNG.java:1102)
at org.testng.TestNG.runSuites(TestNG.java:1032)
at org.testng.TestNG.run(TestNG.java:1000)
at org.apache.maven.surefire.testng.TestNGExecutor.run(TestNGExecutor.java:283)
at org.apache.maven.surefire.testng.TestNGXmlTestSuite.execute(TestNGXmlTestSuite.java:75)
at org.apache.maven.surefire.testng.TestNGProvider.invoke(TestNGProvider.java:120)
at org.apache.maven.surefire.booter.ForkedBooter.invokeProviderInSameClassLoader(ForkedBooter.java:383)
at org.apache.maven.surefire.booter.ForkedBooter.runSuitesInProcess(ForkedBooter.java:344)
at org.apache.maven.surefire.booter.ForkedBooter.execute(ForkedBooter.java:125)
at org.apache.maven.surefire.booter.ForkedBooter.main(ForkedBooter.java:417)
]]>
            </full-stacktrace>
          </exception> <!-- org.openqa.selenium.SessionNotCreatedException -->
          <reporter-output>
          </reporter-output>
        </test-method> <!-- test2 -->
        <test-method status="SKIP" signature="test3()[pri:0, instance:testngFeature.DemoAssertion@31ef45e3]" name="test3" duration-ms="0" started-at="2019-11-12T10:27:33 IST" finished-at="2019-11-12T10:27:33 IST">
          <exception class="org.openqa.selenium.SessionNotCreatedException">
            <message>
              <![CDATA[session not created
from disconnected: received Inspector.detached event
  (Session info: chrome=78.0.3904.87)
Build info: version: '3.141.59', revision: 'e82be7d358', time: '2018-11-14T08:17:03'
System info: host: 'P3ALAP-G01FTQF', ip: '10.222.162.86', os.name: 'Windows 10', os.arch: 'amd64', os.version: '10.0', java.version: '1.8.0_201'
Driver info: driver.version: ChromeDriver
remote stacktrace: Backtrace:
Ordinal0 [0x002AA903+1550595]
Ordinal0 [0x0022A701+1025793]
Ordinal0 [0x001AC6E5+509669]
Ordinal0 [0x001A5229+479785]
Ordinal0 [0x001A4DFA+478714]
Ordinal0 [0x001A4878+477304]
Ordinal0 [0x001A3FEA+475114]
Ordinal0 [0x001A4105+475397]
Ordinal0 [0x001A3BB5+474037]
Ordinal0 [0x001AB445+504901]
Ordinal0 [0x001A3B68+473960]
Ordinal0 [0x001A451B+476443]
Ordinal0 [0x001A3FEA+475114]
Ordinal0 [0x001A4105+475397]
Ordinal0 [0x001A3BB5+474037]
Ordinal0 [0x001A9D8E+499086]
Ordinal0 [0x001A3B68+473960]
Ordinal0 [0x001A451B+476443]
Ordinal0 [0x001A3FEA+475114]
Ordinal0 [0x001A4105+475397]
Ordinal0 [0x001A3BB5+474037]
Ordinal0 [0x001A860D+493069]
Ordinal0 [0x001A3B68+473960]
Ordinal0 [0x001A451B+476443]
Ordinal0 [0x001A3FEA+475114]
Ordinal0 [0x001A4105+475397]
Ordinal0 [0x001A3BB5+474037]
Ordinal0 [0x001A7CC7+490695]
Ordinal0 [0x001A3B68+473960]
Ordinal0 [0x001A451B+476443]
Ordinal0 [0x001A3FEA+475114]
Ordinal0 [0x001A4105+475397]
Ordinal0 [0x001A3BB5+474037]
Ordinal0 [0x001A07AC+460716]
Ordinal0 [0x001A3B68+473960]
Ordinal0 [0x001A3A44+473668]
Ordinal0 [0x001AD330+512816]
Ordinal0 [0x0015B649+177737]
Ordinal0 [0x0015A8ED+174317]
Ordinal0 [0x00158CDB+167131]
Ordinal0 [0x0014144A+70730]
Ordinal0 [0x001424D0+74960]
Ordinal0 [0x00142469+74857]
Ordinal0 [0x002442C7+1131207]
GetHandleVerifier [0x003470FD+523789]
GetHandleVerifier [0x00346E90+523168]
GetHandleVerifier [0x0034E1E7+552695]
GetHandleVerifier [0x003478FA+525834]
Ordinal0 [0x0023B7FC+1095676]
Ordinal0 [0x0024633B+1139515]
Ordinal0 [0x002464A3+1139875]
Ordinal0 [0x00245425+1135653]
BaseThreadInitThunk [0x753C0419+25]
RtlGetAppContainerNamedObjectPath [0x777C662D+237]
RtlGetAppContainerNamedObjectPath [0x777C65FD+189]
]]>
            </message>
            <full-stacktrace>
              <![CDATA[org.openqa.selenium.SessionNotCreatedException: session not created
from disconnected: received Inspector.detached event
  (Session info: chrome=78.0.3904.87)
Build info: version: '3.141.59', revision: 'e82be7d358', time: '2018-11-14T08:17:03'
System info: host: 'P3ALAP-G01FTQF', ip: '10.222.162.86', os.name: 'Windows 10', os.arch: 'amd64', os.version: '10.0', java.version: '1.8.0_201'
Driver info: driver.version: ChromeDriver
remote stacktrace: Backtrace:
Ordinal0 [0x002AA903+1550595]
Ordinal0 [0x0022A701+1025793]
Ordinal0 [0x001AC6E5+509669]
Ordinal0 [0x001A5229+479785]
Ordinal0 [0x001A4DFA+478714]
Ordinal0 [0x001A4878+477304]
Ordinal0 [0x001A3FEA+475114]
Ordinal0 [0x001A4105+475397]
Ordinal0 [0x001A3BB5+474037]
Ordinal0 [0x001AB445+504901]
Ordinal0 [0x001A3B68+473960]
Ordinal0 [0x001A451B+476443]
Ordinal0 [0x001A3FEA+475114]
Ordinal0 [0x001A4105+475397]
Ordinal0 [0x001A3BB5+474037]
Ordinal0 [0x001A9D8E+499086]
Ordinal0 [0x001A3B68+473960]
Ordinal0 [0x001A451B+476443]
Ordinal0 [0x001A3FEA+475114]
Ordinal0 [0x001A4105+475397]
Ordinal0 [0x001A3BB5+474037]
Ordinal0 [0x001A860D+493069]
Ordinal0 [0x001A3B68+473960]
Ordinal0 [0x001A451B+476443]
Ordinal0 [0x001A3FEA+475114]
Ordinal0 [0x001A4105+475397]
Ordinal0 [0x001A3BB5+474037]
Ordinal0 [0x001A7CC7+490695]
Ordinal0 [0x001A3B68+473960]
Ordinal0 [0x001A451B+476443]
Ordinal0 [0x001A3FEA+475114]
Ordinal0 [0x001A4105+475397]
Ordinal0 [0x001A3BB5+474037]
Ordinal0 [0x001A07AC+460716]
Ordinal0 [0x001A3B68+473960]
Ordinal0 [0x001A3A44+473668]
Ordinal0 [0x001AD330+512816]
Ordinal0 [0x0015B649+177737]
Ordinal0 [0x0015A8ED+174317]
Ordinal0 [0x00158CDB+167131]
Ordinal0 [0x0014144A+70730]
Ordinal0 [0x001424D0+74960]
Ordinal0 [0x00142469+74857]
Ordinal0 [0x002442C7+1131207]
GetHandleVerifier [0x003470FD+523789]
GetHandleVerifier [0x00346E90+523168]
GetHandleVerifier [0x0034E1E7+552695]
GetHandleVerifier [0x003478FA+525834]
Ordinal0 [0x0023B7FC+1095676]
Ordinal0 [0x0024633B+1139515]
Ordinal0 [0x002464A3+1139875]
Ordinal0 [0x00245425+1135653]
BaseThreadInitThunk [0x753C0419+25]
RtlGetAppContainerNamedObjectPath [0x777C662D+237]
RtlGetAppContainerNamedObjectPath [0x777C65FD+189]

at sun.reflect.NativeConstructorAccessorImpl.newInstance0(Native Method)
at sun.reflect.NativeConstructorAccessorImpl.newInstance(NativeConstructorAccessorImpl.java:62)
at sun.reflect.DelegatingConstructorAccessorImpl.newInstance(DelegatingConstructorAccessorImpl.java:45)
at java.lang.reflect.Constructor.newInstance(Constructor.java:423)
at org.openqa.selenium.remote.W3CHandshakeResponse.lambda$errorHandler$0(W3CHandshakeResponse.java:62)
at org.openqa.selenium.remote.HandshakeResponse.lambda$getResponseFunction$0(HandshakeResponse.java:30)
at org.openqa.selenium.remote.ProtocolHandshake.lambda$createSession$0(ProtocolHandshake.java:126)
at java.util.stream.ReferencePipeline$3$1.accept(ReferencePipeline.java:193)
at java.util.Spliterators$ArraySpliterator.tryAdvance(Spliterators.java:958)
at java.util.stream.ReferencePipeline.forEachWithCancel(ReferencePipeline.java:126)
at java.util.stream.AbstractPipeline.copyIntoWithCancel(AbstractPipeline.java:498)
at java.util.stream.AbstractPipeline.copyInto(AbstractPipeline.java:485)
at java.util.stream.AbstractPipeline.wrapAndCopyInto(AbstractPipeline.java:471)
at java.util.stream.FindOps$FindOp.evaluateSequential(FindOps.java:152)
at java.util.stream.AbstractPipeline.evaluate(AbstractPipeline.java:234)
at java.util.stream.ReferencePipeline.findFirst(ReferencePipeline.java:464)
at org.openqa.selenium.remote.ProtocolHandshake.createSession(ProtocolHandshake.java:128)
at org.openqa.selenium.remote.ProtocolHandshake.createSession(ProtocolHandshake.java:74)
at org.openqa.selenium.remote.HttpCommandExecutor.execute(HttpCommandExecutor.java:136)
at org.openqa.selenium.remote.service.DriverCommandExecutor.execute(DriverCommandExecutor.java:83)
at org.openqa.selenium.remote.RemoteWebDriver.execute(RemoteWebDriver.java:552)
at org.openqa.selenium.remote.RemoteWebDriver.startSession(RemoteWebDriver.java:213)
at org.openqa.selenium.remote.RemoteWebDriver.<init>(RemoteWebDriver.java:131)
at org.openqa.selenium.chrome.ChromeDriver.<init>(ChromeDriver.java:181)
at org.openqa.selenium.chrome.ChromeDriver.<init>(ChromeDriver.java:168)
at org.openqa.selenium.chrome.ChromeDriver.<init>(ChromeDriver.java:123)
at testngFeature.OpenGoogle.beforeTest(OpenGoogle.java:22)
at sun.reflect.NativeMethodAccessorImpl.invoke0(Native Method)
at sun.reflect.NativeMethodAccessorImpl.invoke(NativeMethodAccessorImpl.java:62)
at sun.reflect.DelegatingMethodAccessorImpl.invoke(DelegatingMethodAccessorImpl.java:43)
at java.lang.reflect.Method.invoke(Method.java:498)
at org.testng.internal.MethodInvocationHelper.invokeMethod(MethodInvocationHelper.java:133)
at org.testng.internal.MethodInvocationHelper.invokeMethodConsideringTimeout(MethodInvocationHelper.java:62)
at org.testng.internal.ConfigInvoker.invokeConfigurationMethod(ConfigInvoker.java:340)
at org.testng.internal.ConfigInvoker.invokeConfigurations(ConfigInvoker.java:294)
at org.testng.TestRunner.invokeTestConfigurations(TestRunner.java:623)
at org.testng.TestRunner.beforeRun(TestRunner.java:613)
at org.testng.TestRunner.run(TestRunner.java:584)
at org.testng.SuiteRunner.runTest(SuiteRunner.java:402)
at org.testng.SuiteRunner.runSequentially(SuiteRunner.java:396)
at org.testng.SuiteRunner.privateRun(SuiteRunner.java:355)
at org.testng.SuiteRunner.run(SuiteRunner.java:304)
at org.testng.SuiteRunnerWorker.runSuite(SuiteRunnerWorker.java:53)
at org.testng.SuiteRunnerWorker.run(SuiteRunnerWorker.java:96)
at org.testng.TestNG.runSuitesSequentially(TestNG.java:1180)
at org.testng.TestNG.runSuitesLocally(TestNG.java:1102)
at org.testng.TestNG.runSuites(TestNG.java:1032)
at org.testng.TestNG.run(TestNG.java:1000)
at org.apache.maven.surefire.testng.TestNGExecutor.run(TestNGExecutor.java:283)
at org.apache.maven.surefire.testng.TestNGXmlTestSuite.execute(TestNGXmlTestSuite.java:75)
at org.apache.maven.surefire.testng.TestNGProvider.invoke(TestNGProvider.java:120)
at org.apache.maven.surefire.booter.ForkedBooter.invokeProviderInSameClassLoader(ForkedBooter.java:383)
at org.apache.maven.surefire.booter.ForkedBooter.runSuitesInProcess(ForkedBooter.java:344)
at org.apache.maven.surefire.booter.ForkedBooter.execute(ForkedBooter.java:125)
at org.apache.maven.surefire.booter.ForkedBooter.main(ForkedBooter.java:417)
]]>
            </full-stacktrace>
          </exception> <!-- org.openqa.selenium.SessionNotCreatedException -->
          <reporter-output>
          </reporter-output>
        </test-method> <!-- test3 -->
      </class> <!-- testngFeature.DemoAssertion -->
      <class name="testngFeature.DemoDataProvider">
        <test-method status="SKIP" signature="login(java.lang.String, java.lang.String)[pri:0, instance:testngFeature.DemoDataProvider@598067a5]" name="login" duration-ms="0" started-at="2019-11-12T10:27:33 IST" data-provider="credentials" finished-at="2019-11-12T10:27:33 IST">
          <exception class="org.openqa.selenium.SessionNotCreatedException">
            <message>
              <![CDATA[session not created
from disconnected: received Inspector.detached event
  (Session info: chrome=78.0.3904.87)
Build info: version: '3.141.59', revision: 'e82be7d358', time: '2018-11-14T08:17:03'
System info: host: 'P3ALAP-G01FTQF', ip: '10.222.162.86', os.name: 'Windows 10', os.arch: 'amd64', os.version: '10.0', java.version: '1.8.0_201'
Driver info: driver.version: ChromeDriver
remote stacktrace: Backtrace:
Ordinal0 [0x002AA903+1550595]
Ordinal0 [0x0022A701+1025793]
Ordinal0 [0x001AC6E5+509669]
Ordinal0 [0x001A5229+479785]
Ordinal0 [0x001A4DFA+478714]
Ordinal0 [0x001A4878+477304]
Ordinal0 [0x001A3FEA+475114]
Ordinal0 [0x001A4105+475397]
Ordinal0 [0x001A3BB5+474037]
Ordinal0 [0x001AB445+504901]
Ordinal0 [0x001A3B68+473960]
Ordinal0 [0x001A451B+476443]
Ordinal0 [0x001A3FEA+475114]
Ordinal0 [0x001A4105+475397]
Ordinal0 [0x001A3BB5+474037]
Ordinal0 [0x001A9D8E+499086]
Ordinal0 [0x001A3B68+473960]
Ordinal0 [0x001A451B+476443]
Ordinal0 [0x001A3FEA+475114]
Ordinal0 [0x001A4105+475397]
Ordinal0 [0x001A3BB5+474037]
Ordinal0 [0x001A860D+493069]
Ordinal0 [0x001A3B68+473960]
Ordinal0 [0x001A451B+476443]
Ordinal0 [0x001A3FEA+475114]
Ordinal0 [0x001A4105+475397]
Ordinal0 [0x001A3BB5+474037]
Ordinal0 [0x001A7CC7+490695]
Ordinal0 [0x001A3B68+473960]
Ordinal0 [0x001A451B+476443]
Ordinal0 [0x001A3FEA+475114]
Ordinal0 [0x001A4105+475397]
Ordinal0 [0x001A3BB5+474037]
Ordinal0 [0x001A07AC+460716]
Ordinal0 [0x001A3B68+473960]
Ordinal0 [0x001A3A44+473668]
Ordinal0 [0x001AD330+512816]
Ordinal0 [0x0015B649+177737]
Ordinal0 [0x0015A8ED+174317]
Ordinal0 [0x00158CDB+167131]
Ordinal0 [0x0014144A+70730]
Ordinal0 [0x001424D0+74960]
Ordinal0 [0x00142469+74857]
Ordinal0 [0x002442C7+1131207]
GetHandleVerifier [0x003470FD+523789]
GetHandleVerifier [0x00346E90+523168]
GetHandleVerifier [0x0034E1E7+552695]
GetHandleVerifier [0x003478FA+525834]
Ordinal0 [0x0023B7FC+1095676]
Ordinal0 [0x0024633B+1139515]
Ordinal0 [0x002464A3+1139875]
Ordinal0 [0x00245425+1135653]
BaseThreadInitThunk [0x753C0419+25]
RtlGetAppContainerNamedObjectPath [0x777C662D+237]
RtlGetAppContainerNamedObjectPath [0x777C65FD+189]
]]>
            </message>
            <full-stacktrace>
              <![CDATA[org.openqa.selenium.SessionNotCreatedException: session not created
from disconnected: received Inspector.detached event
  (Session info: chrome=78.0.3904.87)
Build info: version: '3.141.59', revision: 'e82be7d358', time: '2018-11-14T08:17:03'
System info: host: 'P3ALAP-G01FTQF', ip: '10.222.162.86', os.name: 'Windows 10', os.arch: 'amd64', os.version: '10.0', java.version: '1.8.0_201'
Driver info: driver.version: ChromeDriver
remote stacktrace: Backtrace:
Ordinal0 [0x002AA903+1550595]
Ordinal0 [0x0022A701+1025793]
Ordinal0 [0x001AC6E5+509669]
Ordinal0 [0x001A5229+479785]
Ordinal0 [0x001A4DFA+478714]
Ordinal0 [0x001A4878+477304]
Ordinal0 [0x001A3FEA+475114]
Ordinal0 [0x001A4105+475397]
Ordinal0 [0x001A3BB5+474037]
Ordinal0 [0x001AB445+504901]
Ordinal0 [0x001A3B68+473960]
Ordinal0 [0x001A451B+476443]
Ordinal0 [0x001A3FEA+475114]
Ordinal0 [0x001A4105+475397]
Ordinal0 [0x001A3BB5+474037]
Ordinal0 [0x001A9D8E+499086]
Ordinal0 [0x001A3B68+473960]
Ordinal0 [0x001A451B+476443]
Ordinal0 [0x001A3FEA+475114]
Ordinal0 [0x001A4105+475397]
Ordinal0 [0x001A3BB5+474037]
Ordinal0 [0x001A860D+493069]
Ordinal0 [0x001A3B68+473960]
Ordinal0 [0x001A451B+476443]
Ordinal0 [0x001A3FEA+475114]
Ordinal0 [0x001A4105+475397]
Ordinal0 [0x001A3BB5+474037]
Ordinal0 [0x001A7CC7+490695]
Ordinal0 [0x001A3B68+473960]
Ordinal0 [0x001A451B+476443]
Ordinal0 [0x001A3FEA+475114]
Ordinal0 [0x001A4105+475397]
Ordinal0 [0x001A3BB5+474037]
Ordinal0 [0x001A07AC+460716]
Ordinal0 [0x001A3B68+473960]
Ordinal0 [0x001A3A44+473668]
Ordinal0 [0x001AD330+512816]
Ordinal0 [0x0015B649+177737]
Ordinal0 [0x0015A8ED+174317]
Ordinal0 [0x00158CDB+167131]
Ordinal0 [0x0014144A+70730]
Ordinal0 [0x001424D0+74960]
Ordinal0 [0x00142469+74857]
Ordinal0 [0x002442C7+1131207]
GetHandleVerifier [0x003470FD+523789]
GetHandleVerifier [0x00346E90+523168]
GetHandleVerifier [0x0034E1E7+552695]
GetHandleVerifier [0x003478FA+525834]
Ordinal0 [0x0023B7FC+1095676]
Ordinal0 [0x0024633B+1139515]
Ordinal0 [0x002464A3+1139875]
Ordinal0 [0x00245425+1135653]
BaseThreadInitThunk [0x753C0419+25]
RtlGetAppContainerNamedObjectPath [0x777C662D+237]
RtlGetAppContainerNamedObjectPath [0x777C65FD+189]

at sun.reflect.NativeConstructorAccessorImpl.newInstance0(Native Method)
at sun.reflect.NativeConstructorAccessorImpl.newInstance(NativeConstructorAccessorImpl.java:62)
at sun.reflect.DelegatingConstructorAccessorImpl.newInstance(DelegatingConstructorAccessorImpl.java:45)
at java.lang.reflect.Constructor.newInstance(Constructor.java:423)
at org.openqa.selenium.remote.W3CHandshakeResponse.lambda$errorHandler$0(W3CHandshakeResponse.java:62)
at org.openqa.selenium.remote.HandshakeResponse.lambda$getResponseFunction$0(HandshakeResponse.java:30)
at org.openqa.selenium.remote.ProtocolHandshake.lambda$createSession$0(ProtocolHandshake.java:126)
at java.util.stream.ReferencePipeline$3$1.accept(ReferencePipeline.java:193)
at java.util.Spliterators$ArraySpliterator.tryAdvance(Spliterators.java:958)
at java.util.stream.ReferencePipeline.forEachWithCancel(ReferencePipeline.java:126)
at java.util.stream.AbstractPipeline.copyIntoWithCancel(AbstractPipeline.java:498)
at java.util.stream.AbstractPipeline.copyInto(AbstractPipeline.java:485)
at java.util.stream.AbstractPipeline.wrapAndCopyInto(AbstractPipeline.java:471)
at java.util.stream.FindOps$FindOp.evaluateSequential(FindOps.java:152)
at java.util.stream.AbstractPipeline.evaluate(AbstractPipeline.java:234)
at java.util.stream.ReferencePipeline.findFirst(ReferencePipeline.java:464)
at org.openqa.selenium.remote.ProtocolHandshake.createSession(ProtocolHandshake.java:128)
at org.openqa.selenium.remote.ProtocolHandshake.createSession(ProtocolHandshake.java:74)
at org.openqa.selenium.remote.HttpCommandExecutor.execute(HttpCommandExecutor.java:136)
at org.openqa.selenium.remote.service.DriverCommandExecutor.execute(DriverCommandExecutor.java:83)
at org.openqa.selenium.remote.RemoteWebDriver.execute(RemoteWebDriver.java:552)
at org.openqa.selenium.remote.RemoteWebDriver.startSession(RemoteWebDriver.java:213)
at org.openqa.selenium.remote.RemoteWebDriver.<init>(RemoteWebDriver.java:131)
at org.openqa.selenium.chrome.ChromeDriver.<init>(ChromeDriver.java:181)
at org.openqa.selenium.chrome.ChromeDriver.<init>(ChromeDriver.java:168)
at org.openqa.selenium.chrome.ChromeDriver.<init>(ChromeDriver.java:123)
at testngFeature.OpenGoogle.beforeTest(OpenGoogle.java:22)
at sun.reflect.NativeMethodAccessorImpl.invoke0(Native Method)
at sun.reflect.NativeMethodAccessorImpl.invoke(NativeMethodAccessorImpl.java:62)
at sun.reflect.DelegatingMethodAccessorImpl.invoke(DelegatingMethodAccessorImpl.java:43)
at java.lang.reflect.Method.invoke(Method.java:498)
at org.testng.internal.MethodInvocationHelper.invokeMethod(MethodInvocationHelper.java:133)
at org.testng.internal.MethodInvocationHelper.invokeMethodConsideringTimeout(MethodInvocationHelper.java:62)
at org.testng.internal.ConfigInvoker.invokeConfigurationMethod(ConfigInvoker.java:340)
at org.testng.internal.ConfigInvoker.invokeConfigurations(ConfigInvoker.java:294)
at org.testng.TestRunner.invokeTestConfigurations(TestRunner.java:623)
at org.testng.TestRunner.beforeRun(TestRunner.java:613)
at org.testng.TestRunner.run(TestRunner.java:584)
at org.testng.SuiteRunner.runTest(SuiteRunner.java:402)
at org.testng.SuiteRunner.runSequentially(SuiteRunner.java:396)
at org.testng.SuiteRunner.privateRun(SuiteRunner.java:355)
at org.testng.SuiteRunner.run(SuiteRunner.java:304)
at org.testng.SuiteRunnerWorker.runSuite(SuiteRunnerWorker.java:53)
at org.testng.SuiteRunnerWorker.run(SuiteRunnerWorker.java:96)
at org.testng.TestNG.runSuitesSequentially(TestNG.java:1180)
at org.testng.TestNG.runSuitesLocally(TestNG.java:1102)
at org.testng.TestNG.runSuites(TestNG.java:1032)
at org.testng.TestNG.run(TestNG.java:1000)
at org.apache.maven.surefire.testng.TestNGExecutor.run(TestNGExecutor.java:283)
at org.apache.maven.surefire.testng.TestNGXmlTestSuite.execute(TestNGXmlTestSuite.java:75)
at org.apache.maven.surefire.testng.TestNGProvider.invoke(TestNGProvider.java:120)
at org.apache.maven.surefire.booter.ForkedBooter.invokeProviderInSameClassLoader(ForkedBooter.java:383)
at org.apache.maven.surefire.booter.ForkedBooter.runSuitesInProcess(ForkedBooter.java:344)
at org.apache.maven.surefire.booter.ForkedBooter.execute(ForkedBooter.java:125)
at org.apache.maven.surefire.booter.ForkedBooter.main(ForkedBooter.java:417)
]]>
            </full-stacktrace>
          </exception> <!-- org.openqa.selenium.SessionNotCreatedException -->
          <reporter-output>
          </reporter-output>
        </test-method> <!-- login -->
        <test-method status="SKIP" signature="login(java.lang.String, java.lang.String)[pri:0, instance:testngFeature.DemoDataProvider@598067a5]" name="login" duration-ms="0" started-at="2019-11-12T10:27:33 IST" data-provider="credentials" finished-at="2019-11-12T10:27:33 IST">
          <exception class="org.openqa.selenium.SessionNotCreatedException">
            <message>
              <![CDATA[session not created
from disconnected: received Inspector.detached event
  (Session info: chrome=78.0.3904.87)
Build info: version: '3.141.59', revision: 'e82be7d358', time: '2018-11-14T08:17:03'
System info: host: 'P3ALAP-G01FTQF', ip: '10.222.162.86', os.name: 'Windows 10', os.arch: 'amd64', os.version: '10.0', java.version: '1.8.0_201'
Driver info: driver.version: ChromeDriver
remote stacktrace: Backtrace:
Ordinal0 [0x002AA903+1550595]
Ordinal0 [0x0022A701+1025793]
Ordinal0 [0x001AC6E5+509669]
Ordinal0 [0x001A5229+479785]
Ordinal0 [0x001A4DFA+478714]
Ordinal0 [0x001A4878+477304]
Ordinal0 [0x001A3FEA+475114]
Ordinal0 [0x001A4105+475397]
Ordinal0 [0x001A3BB5+474037]
Ordinal0 [0x001AB445+504901]
Ordinal0 [0x001A3B68+473960]
Ordinal0 [0x001A451B+476443]
Ordinal0 [0x001A3FEA+475114]
Ordinal0 [0x001A4105+475397]
Ordinal0 [0x001A3BB5+474037]
Ordinal0 [0x001A9D8E+499086]
Ordinal0 [0x001A3B68+473960]
Ordinal0 [0x001A451B+476443]
Ordinal0 [0x001A3FEA+475114]
Ordinal0 [0x001A4105+475397]
Ordinal0 [0x001A3BB5+474037]
Ordinal0 [0x001A860D+493069]
Ordinal0 [0x001A3B68+473960]
Ordinal0 [0x001A451B+476443]
Ordinal0 [0x001A3FEA+475114]
Ordinal0 [0x001A4105+475397]
Ordinal0 [0x001A3BB5+474037]
Ordinal0 [0x001A7CC7+490695]
Ordinal0 [0x001A3B68+473960]
Ordinal0 [0x001A451B+476443]
Ordinal0 [0x001A3FEA+475114]
Ordinal0 [0x001A4105+475397]
Ordinal0 [0x001A3BB5+474037]
Ordinal0 [0x001A07AC+460716]
Ordinal0 [0x001A3B68+473960]
Ordinal0 [0x001A3A44+473668]
Ordinal0 [0x001AD330+512816]
Ordinal0 [0x0015B649+177737]
Ordinal0 [0x0015A8ED+174317]
Ordinal0 [0x00158CDB+167131]
Ordinal0 [0x0014144A+70730]
Ordinal0 [0x001424D0+74960]
Ordinal0 [0x00142469+74857]
Ordinal0 [0x002442C7+1131207]
GetHandleVerifier [0x003470FD+523789]
GetHandleVerifier [0x00346E90+523168]
GetHandleVerifier [0x0034E1E7+552695]
GetHandleVerifier [0x003478FA+525834]
Ordinal0 [0x0023B7FC+1095676]
Ordinal0 [0x0024633B+1139515]
Ordinal0 [0x002464A3+1139875]
Ordinal0 [0x00245425+1135653]
BaseThreadInitThunk [0x753C0419+25]
RtlGetAppContainerNamedObjectPath [0x777C662D+237]
RtlGetAppContainerNamedObjectPath [0x777C65FD+189]
]]>
            </message>
            <full-stacktrace>
              <![CDATA[org.openqa.selenium.SessionNotCreatedException: session not created
from disconnected: received Inspector.detached event
  (Session info: chrome=78.0.3904.87)
Build info: version: '3.141.59', revision: 'e82be7d358', time: '2018-11-14T08:17:03'
System info: host: 'P3ALAP-G01FTQF', ip: '10.222.162.86', os.name: 'Windows 10', os.arch: 'amd64', os.version: '10.0', java.version: '1.8.0_201'
Driver info: driver.version: ChromeDriver
remote stacktrace: Backtrace:
Ordinal0 [0x002AA903+1550595]
Ordinal0 [0x0022A701+1025793]
Ordinal0 [0x001AC6E5+509669]
Ordinal0 [0x001A5229+479785]
Ordinal0 [0x001A4DFA+478714]
Ordinal0 [0x001A4878+477304]
Ordinal0 [0x001A3FEA+475114]
Ordinal0 [0x001A4105+475397]
Ordinal0 [0x001A3BB5+474037]
Ordinal0 [0x001AB445+504901]
Ordinal0 [0x001A3B68+473960]
Ordinal0 [0x001A451B+476443]
Ordinal0 [0x001A3FEA+475114]
Ordinal0 [0x001A4105+475397]
Ordinal0 [0x001A3BB5+474037]
Ordinal0 [0x001A9D8E+499086]
Ordinal0 [0x001A3B68+473960]
Ordinal0 [0x001A451B+476443]
Ordinal0 [0x001A3FEA+475114]
Ordinal0 [0x001A4105+475397]
Ordinal0 [0x001A3BB5+474037]
Ordinal0 [0x001A860D+493069]
Ordinal0 [0x001A3B68+473960]
Ordinal0 [0x001A451B+476443]
Ordinal0 [0x001A3FEA+475114]
Ordinal0 [0x001A4105+475397]
Ordinal0 [0x001A3BB5+474037]
Ordinal0 [0x001A7CC7+490695]
Ordinal0 [0x001A3B68+473960]
Ordinal0 [0x001A451B+476443]
Ordinal0 [0x001A3FEA+475114]
Ordinal0 [0x001A4105+475397]
Ordinal0 [0x001A3BB5+474037]
Ordinal0 [0x001A07AC+460716]
Ordinal0 [0x001A3B68+473960]
Ordinal0 [0x001A3A44+473668]
Ordinal0 [0x001AD330+512816]
Ordinal0 [0x0015B649+177737]
Ordinal0 [0x0015A8ED+174317]
Ordinal0 [0x00158CDB+167131]
Ordinal0 [0x0014144A+70730]
Ordinal0 [0x001424D0+74960]
Ordinal0 [0x00142469+74857]
Ordinal0 [0x002442C7+1131207]
GetHandleVerifier [0x003470FD+523789]
GetHandleVerifier [0x00346E90+523168]
GetHandleVerifier [0x0034E1E7+552695]
GetHandleVerifier [0x003478FA+525834]
Ordinal0 [0x0023B7FC+1095676]
Ordinal0 [0x0024633B+1139515]
Ordinal0 [0x002464A3+1139875]
Ordinal0 [0x00245425+1135653]
BaseThreadInitThunk [0x753C0419+25]
RtlGetAppContainerNamedObjectPath [0x777C662D+237]
RtlGetAppContainerNamedObjectPath [0x777C65FD+189]

at sun.reflect.NativeConstructorAccessorImpl.newInstance0(Native Method)
at sun.reflect.NativeConstructorAccessorImpl.newInstance(NativeConstructorAccessorImpl.java:62)
at sun.reflect.DelegatingConstructorAccessorImpl.newInstance(DelegatingConstructorAccessorImpl.java:45)
at java.lang.reflect.Constructor.newInstance(Constructor.java:423)
at org.openqa.selenium.remote.W3CHandshakeResponse.lambda$errorHandler$0(W3CHandshakeResponse.java:62)
at org.openqa.selenium.remote.HandshakeResponse.lambda$getResponseFunction$0(HandshakeResponse.java:30)
at org.openqa.selenium.remote.ProtocolHandshake.lambda$createSession$0(ProtocolHandshake.java:126)
at java.util.stream.ReferencePipeline$3$1.accept(ReferencePipeline.java:193)
at java.util.Spliterators$ArraySpliterator.tryAdvance(Spliterators.java:958)
at java.util.stream.ReferencePipeline.forEachWithCancel(ReferencePipeline.java:126)
at java.util.stream.AbstractPipeline.copyIntoWithCancel(AbstractPipeline.java:498)
at java.util.stream.AbstractPipeline.copyInto(AbstractPipeline.java:485)
at java.util.stream.AbstractPipeline.wrapAndCopyInto(AbstractPipeline.java:471)
at java.util.stream.FindOps$FindOp.evaluateSequential(FindOps.java:152)
at java.util.stream.AbstractPipeline.evaluate(AbstractPipeline.java:234)
at java.util.stream.ReferencePipeline.findFirst(ReferencePipeline.java:464)
at org.openqa.selenium.remote.ProtocolHandshake.createSession(ProtocolHandshake.java:128)
at org.openqa.selenium.remote.ProtocolHandshake.createSession(ProtocolHandshake.java:74)
at org.openqa.selenium.remote.HttpCommandExecutor.execute(HttpCommandExecutor.java:136)
at org.openqa.selenium.remote.service.DriverCommandExecutor.execute(DriverCommandExecutor.java:83)
at org.openqa.selenium.remote.RemoteWebDriver.execute(RemoteWebDriver.java:552)
at org.openqa.selenium.remote.RemoteWebDriver.startSession(RemoteWebDriver.java:213)
at org.openqa.selenium.remote.RemoteWebDriver.<init>(RemoteWebDriver.java:131)
at org.openqa.selenium.chrome.ChromeDriver.<init>(ChromeDriver.java:181)
at org.openqa.selenium.chrome.ChromeDriver.<init>(ChromeDriver.java:168)
at org.openqa.selenium.chrome.ChromeDriver.<init>(ChromeDriver.java:123)
at testngFeature.OpenGoogle.beforeTest(OpenGoogle.java:22)
at sun.reflect.NativeMethodAccessorImpl.invoke0(Native Method)
at sun.reflect.NativeMethodAccessorImpl.invoke(NativeMethodAccessorImpl.java:62)
at sun.reflect.DelegatingMethodAccessorImpl.invoke(DelegatingMethodAccessorImpl.java:43)
at java.lang.reflect.Method.invoke(Method.java:498)
at org.testng.internal.MethodInvocationHelper.invokeMethod(MethodInvocationHelper.java:133)
at org.testng.internal.MethodInvocationHelper.invokeMethodConsideringTimeout(MethodInvocationHelper.java:62)
at org.testng.internal.ConfigInvoker.invokeConfigurationMethod(ConfigInvoker.java:340)
at org.testng.internal.ConfigInvoker.invokeConfigurations(ConfigInvoker.java:294)
at org.testng.TestRunner.invokeTestConfigurations(TestRunner.java:623)
at org.testng.TestRunner.beforeRun(TestRunner.java:613)
at org.testng.TestRunner.run(TestRunner.java:584)
at org.testng.SuiteRunner.runTest(SuiteRunner.java:402)
at org.testng.SuiteRunner.runSequentially(SuiteRunner.java:396)
at org.testng.SuiteRunner.privateRun(SuiteRunner.java:355)
at org.testng.SuiteRunner.run(SuiteRunner.java:304)
at org.testng.SuiteRunnerWorker.runSuite(SuiteRunnerWorker.java:53)
at org.testng.SuiteRunnerWorker.run(SuiteRunnerWorker.java:96)
at org.testng.TestNG.runSuitesSequentially(TestNG.java:1180)
at org.testng.TestNG.runSuitesLocally(TestNG.java:1102)
at org.testng.TestNG.runSuites(TestNG.java:1032)
at org.testng.TestNG.run(TestNG.java:1000)
at org.apache.maven.surefire.testng.TestNGExecutor.run(TestNGExecutor.java:283)
at org.apache.maven.surefire.testng.TestNGXmlTestSuite.execute(TestNGXmlTestSuite.java:75)
at org.apache.maven.surefire.testng.TestNGProvider.invoke(TestNGProvider.java:120)
at org.apache.maven.surefire.booter.ForkedBooter.invokeProviderInSameClassLoader(ForkedBooter.java:383)
at org.apache.maven.surefire.booter.ForkedBooter.runSuitesInProcess(ForkedBooter.java:344)
at org.apache.maven.surefire.booter.ForkedBooter.execute(ForkedBooter.java:125)
at org.apache.maven.surefire.booter.ForkedBooter.main(ForkedBooter.java:417)
]]>
            </full-stacktrace>
          </exception> <!-- org.openqa.selenium.SessionNotCreatedException -->
          <reporter-output>
          </reporter-output>
        </test-method> <!-- login -->
        <test-method status="SKIP" signature="login(java.lang.String, java.lang.String)[pri:0, instance:testngFeature.DemoDataProvider@598067a5]" name="login" duration-ms="0" started-at="2019-11-12T10:27:33 IST" data-provider="credentials" finished-at="2019-11-12T10:27:33 IST">
          <exception class="org.openqa.selenium.SessionNotCreatedException">
            <message>
              <![CDATA[session not created
from disconnected: received Inspector.detached event
  (Session info: chrome=78.0.3904.87)
Build info: version: '3.141.59', revision: 'e82be7d358', time: '2018-11-14T08:17:03'
System info: host: 'P3ALAP-G01FTQF', ip: '10.222.162.86', os.name: 'Windows 10', os.arch: 'amd64', os.version: '10.0', java.version: '1.8.0_201'
Driver info: driver.version: ChromeDriver
remote stacktrace: Backtrace:
Ordinal0 [0x002AA903+1550595]
Ordinal0 [0x0022A701+1025793]
Ordinal0 [0x001AC6E5+509669]
Ordinal0 [0x001A5229+479785]
Ordinal0 [0x001A4DFA+478714]
Ordinal0 [0x001A4878+477304]
Ordinal0 [0x001A3FEA+475114]
Ordinal0 [0x001A4105+475397]
Ordinal0 [0x001A3BB5+474037]
Ordinal0 [0x001AB445+504901]
Ordinal0 [0x001A3B68+473960]
Ordinal0 [0x001A451B+476443]
Ordinal0 [0x001A3FEA+475114]
Ordinal0 [0x001A4105+475397]
Ordinal0 [0x001A3BB5+474037]
Ordinal0 [0x001A9D8E+499086]
Ordinal0 [0x001A3B68+473960]
Ordinal0 [0x001A451B+476443]
Ordinal0 [0x001A3FEA+475114]
Ordinal0 [0x001A4105+475397]
Ordinal0 [0x001A3BB5+474037]
Ordinal0 [0x001A860D+493069]
Ordinal0 [0x001A3B68+473960]
Ordinal0 [0x001A451B+476443]
Ordinal0 [0x001A3FEA+475114]
Ordinal0 [0x001A4105+475397]
Ordinal0 [0x001A3BB5+474037]
Ordinal0 [0x001A7CC7+490695]
Ordinal0 [0x001A3B68+473960]
Ordinal0 [0x001A451B+476443]
Ordinal0 [0x001A3FEA+475114]
Ordinal0 [0x001A4105+475397]
Ordinal0 [0x001A3BB5+474037]
Ordinal0 [0x001A07AC+460716]
Ordinal0 [0x001A3B68+473960]
Ordinal0 [0x001A3A44+473668]
Ordinal0 [0x001AD330+512816]
Ordinal0 [0x0015B649+177737]
Ordinal0 [0x0015A8ED+174317]
Ordinal0 [0x00158CDB+167131]
Ordinal0 [0x0014144A+70730]
Ordinal0 [0x001424D0+74960]
Ordinal0 [0x00142469+74857]
Ordinal0 [0x002442C7+1131207]
GetHandleVerifier [0x003470FD+523789]
GetHandleVerifier [0x00346E90+523168]
GetHandleVerifier [0x0034E1E7+552695]
GetHandleVerifier [0x003478FA+525834]
Ordinal0 [0x0023B7FC+1095676]
Ordinal0 [0x0024633B+1139515]
Ordinal0 [0x002464A3+1139875]
Ordinal0 [0x00245425+1135653]
BaseThreadInitThunk [0x753C0419+25]
RtlGetAppContainerNamedObjectPath [0x777C662D+237]
RtlGetAppContainerNamedObjectPath [0x777C65FD+189]
]]>
            </message>
            <full-stacktrace>
              <![CDATA[org.openqa.selenium.SessionNotCreatedException: session not created
from disconnected: received Inspector.detached event
  (Session info: chrome=78.0.3904.87)
Build info: version: '3.141.59', revision: 'e82be7d358', time: '2018-11-14T08:17:03'
System info: host: 'P3ALAP-G01FTQF', ip: '10.222.162.86', os.name: 'Windows 10', os.arch: 'amd64', os.version: '10.0', java.version: '1.8.0_201'
Driver info: driver.version: ChromeDriver
remote stacktrace: Backtrace:
Ordinal0 [0x002AA903+1550595]
Ordinal0 [0x0022A701+1025793]
Ordinal0 [0x001AC6E5+509669]
Ordinal0 [0x001A5229+479785]
Ordinal0 [0x001A4DFA+478714]
Ordinal0 [0x001A4878+477304]
Ordinal0 [0x001A3FEA+475114]
Ordinal0 [0x001A4105+475397]
Ordinal0 [0x001A3BB5+474037]
Ordinal0 [0x001AB445+504901]
Ordinal0 [0x001A3B68+473960]
Ordinal0 [0x001A451B+476443]
Ordinal0 [0x001A3FEA+475114]
Ordinal0 [0x001A4105+475397]
Ordinal0 [0x001A3BB5+474037]
Ordinal0 [0x001A9D8E+499086]
Ordinal0 [0x001A3B68+473960]
Ordinal0 [0x001A451B+476443]
Ordinal0 [0x001A3FEA+475114]
Ordinal0 [0x001A4105+475397]
Ordinal0 [0x001A3BB5+474037]
Ordinal0 [0x001A860D+493069]
Ordinal0 [0x001A3B68+473960]
Ordinal0 [0x001A451B+476443]
Ordinal0 [0x001A3FEA+475114]
Ordinal0 [0x001A4105+475397]
Ordinal0 [0x001A3BB5+474037]
Ordinal0 [0x001A7CC7+490695]
Ordinal0 [0x001A3B68+473960]
Ordinal0 [0x001A451B+476443]
Ordinal0 [0x001A3FEA+475114]
Ordinal0 [0x001A4105+475397]
Ordinal0 [0x001A3BB5+474037]
Ordinal0 [0x001A07AC+460716]
Ordinal0 [0x001A3B68+473960]
Ordinal0 [0x001A3A44+473668]
Ordinal0 [0x001AD330+512816]
Ordinal0 [0x0015B649+177737]
Ordinal0 [0x0015A8ED+174317]
Ordinal0 [0x00158CDB+167131]
Ordinal0 [0x0014144A+70730]
Ordinal0 [0x001424D0+74960]
Ordinal0 [0x00142469+74857]
Ordinal0 [0x002442C7+1131207]
GetHandleVerifier [0x003470FD+523789]
GetHandleVerifier [0x00346E90+523168]
GetHandleVerifier [0x0034E1E7+552695]
GetHandleVerifier [0x003478FA+525834]
Ordinal0 [0x0023B7FC+1095676]
Ordinal0 [0x0024633B+1139515]
Ordinal0 [0x002464A3+1139875]
Ordinal0 [0x00245425+1135653]
BaseThreadInitThunk [0x753C0419+25]
RtlGetAppContainerNamedObjectPath [0x777C662D+237]
RtlGetAppContainerNamedObjectPath [0x777C65FD+189]

at sun.reflect.NativeConstructorAccessorImpl.newInstance0(Native Method)
at sun.reflect.NativeConstructorAccessorImpl.newInstance(NativeConstructorAccessorImpl.java:62)
at sun.reflect.DelegatingConstructorAccessorImpl.newInstance(DelegatingConstructorAccessorImpl.java:45)
at java.lang.reflect.Constructor.newInstance(Constructor.java:423)
at org.openqa.selenium.remote.W3CHandshakeResponse.lambda$errorHandler$0(W3CHandshakeResponse.java:62)
at org.openqa.selenium.remote.HandshakeResponse.lambda$getResponseFunction$0(HandshakeResponse.java:30)
at org.openqa.selenium.remote.ProtocolHandshake.lambda$createSession$0(ProtocolHandshake.java:126)
at java.util.stream.ReferencePipeline$3$1.accept(ReferencePipeline.java:193)
at java.util.Spliterators$ArraySpliterator.tryAdvance(Spliterators.java:958)
at java.util.stream.ReferencePipeline.forEachWithCancel(ReferencePipeline.java:126)
at java.util.stream.AbstractPipeline.copyIntoWithCancel(AbstractPipeline.java:498)
at java.util.stream.AbstractPipeline.copyInto(AbstractPipeline.java:485)
at java.util.stream.AbstractPipeline.wrapAndCopyInto(AbstractPipeline.java:471)
at java.util.stream.FindOps$FindOp.evaluateSequential(FindOps.java:152)
at java.util.stream.AbstractPipeline.evaluate(AbstractPipeline.java:234)
at java.util.stream.ReferencePipeline.findFirst(ReferencePipeline.java:464)
at org.openqa.selenium.remote.ProtocolHandshake.createSession(ProtocolHandshake.java:128)
at org.openqa.selenium.remote.ProtocolHandshake.createSession(ProtocolHandshake.java:74)
at org.openqa.selenium.remote.HttpCommandExecutor.execute(HttpCommandExecutor.java:136)
at org.openqa.selenium.remote.service.DriverCommandExecutor.execute(DriverCommandExecutor.java:83)
at org.openqa.selenium.remote.RemoteWebDriver.execute(RemoteWebDriver.java:552)
at org.openqa.selenium.remote.RemoteWebDriver.startSession(RemoteWebDriver.java:213)
at org.openqa.selenium.remote.RemoteWebDriver.<init>(RemoteWebDriver.java:131)
at org.openqa.selenium.chrome.ChromeDriver.<init>(ChromeDriver.java:181)
at org.openqa.selenium.chrome.ChromeDriver.<init>(ChromeDriver.java:168)
at org.openqa.selenium.chrome.ChromeDriver.<init>(ChromeDriver.java:123)
at testngFeature.OpenGoogle.beforeTest(OpenGoogle.java:22)
at sun.reflect.NativeMethodAccessorImpl.invoke0(Native Method)
at sun.reflect.NativeMethodAccessorImpl.invoke(NativeMethodAccessorImpl.java:62)
at sun.reflect.DelegatingMethodAccessorImpl.invoke(DelegatingMethodAccessorImpl.java:43)
at java.lang.reflect.Method.invoke(Method.java:498)
at org.testng.internal.MethodInvocationHelper.invokeMethod(MethodInvocationHelper.java:133)
at org.testng.internal.MethodInvocationHelper.invokeMethodConsideringTimeout(MethodInvocationHelper.java:62)
at org.testng.internal.ConfigInvoker.invokeConfigurationMethod(ConfigInvoker.java:340)
at org.testng.internal.ConfigInvoker.invokeConfigurations(ConfigInvoker.java:294)
at org.testng.TestRunner.invokeTestConfigurations(TestRunner.java:623)
at org.testng.TestRunner.beforeRun(TestRunner.java:613)
at org.testng.TestRunner.run(TestRunner.java:584)
at org.testng.SuiteRunner.runTest(SuiteRunner.java:402)
at org.testng.SuiteRunner.runSequentially(SuiteRunner.java:396)
at org.testng.SuiteRunner.privateRun(SuiteRunner.java:355)
at org.testng.SuiteRunner.run(SuiteRunner.java:304)
at org.testng.SuiteRunnerWorker.runSuite(SuiteRunnerWorker.java:53)
at org.testng.SuiteRunnerWorker.run(SuiteRunnerWorker.java:96)
at org.testng.TestNG.runSuitesSequentially(TestNG.java:1180)
at org.testng.TestNG.runSuitesLocally(TestNG.java:1102)
at org.testng.TestNG.runSuites(TestNG.java:1032)
at org.testng.TestNG.run(TestNG.java:1000)
at org.apache.maven.surefire.testng.TestNGExecutor.run(TestNGExecutor.java:283)
at org.apache.maven.surefire.testng.TestNGXmlTestSuite.execute(TestNGXmlTestSuite.java:75)
at org.apache.maven.surefire.testng.TestNGProvider.invoke(TestNGProvider.java:120)
at org.apache.maven.surefire.booter.ForkedBooter.invokeProviderInSameClassLoader(ForkedBooter.java:383)
at org.apache.maven.surefire.booter.ForkedBooter.runSuitesInProcess(ForkedBooter.java:344)
at org.apache.maven.surefire.booter.ForkedBooter.execute(ForkedBooter.java:125)
at org.apache.maven.surefire.booter.ForkedBooter.main(ForkedBooter.java:417)
]]>
            </full-stacktrace>
          </exception> <!-- org.openqa.selenium.SessionNotCreatedException -->
          <reporter-output>
          </reporter-output>
        </test-method> <!-- login -->
      </class> <!-- testngFeature.DemoDataProvider -->
      <class name="testngFeature.OpenGoogle">
        <test-method status="FAIL" signature="beforeTest()[pri:0, instance:testngFeature.OpenGoogle@3abbfa04]" name="beforeTest" is-config="true" duration-ms="7607" started-at="2019-11-12T10:27:25 IST" finished-at="2019-11-12T10:27:33 IST">
          <exception class="org.openqa.selenium.SessionNotCreatedException">
            <message>
              <![CDATA[session not created
from disconnected: received Inspector.detached event
  (Session info: chrome=78.0.3904.87)
Build info: version: '3.141.59', revision: 'e82be7d358', time: '2018-11-14T08:17:03'
System info: host: 'P3ALAP-G01FTQF', ip: '10.222.162.86', os.name: 'Windows 10', os.arch: 'amd64', os.version: '10.0', java.version: '1.8.0_201'
Driver info: driver.version: ChromeDriver
remote stacktrace: Backtrace:
Ordinal0 [0x002AA903+1550595]
Ordinal0 [0x0022A701+1025793]
Ordinal0 [0x001AC6E5+509669]
Ordinal0 [0x001A5229+479785]
Ordinal0 [0x001A4DFA+478714]
Ordinal0 [0x001A4878+477304]
Ordinal0 [0x001A3FEA+475114]
Ordinal0 [0x001A4105+475397]
Ordinal0 [0x001A3BB5+474037]
Ordinal0 [0x001AB445+504901]
Ordinal0 [0x001A3B68+473960]
Ordinal0 [0x001A451B+476443]
Ordinal0 [0x001A3FEA+475114]
Ordinal0 [0x001A4105+475397]
Ordinal0 [0x001A3BB5+474037]
Ordinal0 [0x001A9D8E+499086]
Ordinal0 [0x001A3B68+473960]
Ordinal0 [0x001A451B+476443]
Ordinal0 [0x001A3FEA+475114]
Ordinal0 [0x001A4105+475397]
Ordinal0 [0x001A3BB5+474037]
Ordinal0 [0x001A860D+493069]
Ordinal0 [0x001A3B68+473960]
Ordinal0 [0x001A451B+476443]
Ordinal0 [0x001A3FEA+475114]
Ordinal0 [0x001A4105+475397]
Ordinal0 [0x001A3BB5+474037]
Ordinal0 [0x001A7CC7+490695]
Ordinal0 [0x001A3B68+473960]
Ordinal0 [0x001A451B+476443]
Ordinal0 [0x001A3FEA+475114]
Ordinal0 [0x001A4105+475397]
Ordinal0 [0x001A3BB5+474037]
Ordinal0 [0x001A07AC+460716]
Ordinal0 [0x001A3B68+473960]
Ordinal0 [0x001A3A44+473668]
Ordinal0 [0x001AD330+512816]
Ordinal0 [0x0015B649+177737]
Ordinal0 [0x0015A8ED+174317]
Ordinal0 [0x00158CDB+167131]
Ordinal0 [0x0014144A+70730]
Ordinal0 [0x001424D0+74960]
Ordinal0 [0x00142469+74857]
Ordinal0 [0x002442C7+1131207]
GetHandleVerifier [0x003470FD+523789]
GetHandleVerifier [0x00346E90+523168]
GetHandleVerifier [0x0034E1E7+552695]
GetHandleVerifier [0x003478FA+525834]
Ordinal0 [0x0023B7FC+1095676]
Ordinal0 [0x0024633B+1139515]
Ordinal0 [0x002464A3+1139875]
Ordinal0 [0x00245425+1135653]
BaseThreadInitThunk [0x753C0419+25]
RtlGetAppContainerNamedObjectPath [0x777C662D+237]
RtlGetAppContainerNamedObjectPath [0x777C65FD+189]
]]>
            </message>
            <full-stacktrace>
              <![CDATA[org.openqa.selenium.SessionNotCreatedException: session not created
from disconnected: received Inspector.detached event
  (Session info: chrome=78.0.3904.87)
Build info: version: '3.141.59', revision: 'e82be7d358', time: '2018-11-14T08:17:03'
System info: host: 'P3ALAP-G01FTQF', ip: '10.222.162.86', os.name: 'Windows 10', os.arch: 'amd64', os.version: '10.0', java.version: '1.8.0_201'
Driver info: driver.version: ChromeDriver
remote stacktrace: Backtrace:
Ordinal0 [0x002AA903+1550595]
Ordinal0 [0x0022A701+1025793]
Ordinal0 [0x001AC6E5+509669]
Ordinal0 [0x001A5229+479785]
Ordinal0 [0x001A4DFA+478714]
Ordinal0 [0x001A4878+477304]
Ordinal0 [0x001A3FEA+475114]
Ordinal0 [0x001A4105+475397]
Ordinal0 [0x001A3BB5+474037]
Ordinal0 [0x001AB445+504901]
Ordinal0 [0x001A3B68+473960]
Ordinal0 [0x001A451B+476443]
Ordinal0 [0x001A3FEA+475114]
Ordinal0 [0x001A4105+475397]
Ordinal0 [0x001A3BB5+474037]
Ordinal0 [0x001A9D8E+499086]
Ordinal0 [0x001A3B68+473960]
Ordinal0 [0x001A451B+476443]
Ordinal0 [0x001A3FEA+475114]
Ordinal0 [0x001A4105+475397]
Ordinal0 [0x001A3BB5+474037]
Ordinal0 [0x001A860D+493069]
Ordinal0 [0x001A3B68+473960]
Ordinal0 [0x001A451B+476443]
Ordinal0 [0x001A3FEA+475114]
Ordinal0 [0x001A4105+475397]
Ordinal0 [0x001A3BB5+474037]
Ordinal0 [0x001A7CC7+490695]
Ordinal0 [0x001A3B68+473960]
Ordinal0 [0x001A451B+476443]
Ordinal0 [0x001A3FEA+475114]
Ordinal0 [0x001A4105+475397]
Ordinal0 [0x001A3BB5+474037]
Ordinal0 [0x001A07AC+460716]
Ordinal0 [0x001A3B68+473960]
Ordinal0 [0x001A3A44+473668]
Ordinal0 [0x001AD330+512816]
Ordinal0 [0x0015B649+177737]
Ordinal0 [0x0015A8ED+174317]
Ordinal0 [0x00158CDB+167131]
Ordinal0 [0x0014144A+70730]
Ordinal0 [0x001424D0+74960]
Ordinal0 [0x00142469+74857]
Ordinal0 [0x002442C7+1131207]
GetHandleVerifier [0x003470FD+523789]
GetHandleVerifier [0x00346E90+523168]
GetHandleVerifier [0x0034E1E7+552695]
GetHandleVerifier [0x003478FA+525834]
Ordinal0 [0x0023B7FC+1095676]
Ordinal0 [0x0024633B+1139515]
Ordinal0 [0x002464A3+1139875]
Ordinal0 [0x00245425+1135653]
BaseThreadInitThunk [0x753C0419+25]
RtlGetAppContainerNamedObjectPath [0x777C662D+237]
RtlGetAppContainerNamedObjectPath [0x777C65FD+189]

at sun.reflect.NativeConstructorAccessorImpl.newInstance0(Native Method)
at sun.reflect.NativeConstructorAccessorImpl.newInstance(NativeConstructorAccessorImpl.java:62)
at sun.reflect.DelegatingConstructorAccessorImpl.newInstance(DelegatingConstructorAccessorImpl.java:45)
at java.lang.reflect.Constructor.newInstance(Constructor.java:423)
at org.openqa.selenium.remote.W3CHandshakeResponse.lambda$errorHandler$0(W3CHandshakeResponse.java:62)
at org.openqa.selenium.remote.HandshakeResponse.lambda$getResponseFunction$0(HandshakeResponse.java:30)
at org.openqa.selenium.remote.ProtocolHandshake.lambda$createSession$0(ProtocolHandshake.java:126)
at java.util.stream.ReferencePipeline$3$1.accept(ReferencePipeline.java:193)
at java.util.Spliterators$ArraySpliterator.tryAdvance(Spliterators.java:958)
at java.util.stream.ReferencePipeline.forEachWithCancel(ReferencePipeline.java:126)
at java.util.stream.AbstractPipeline.copyIntoWithCancel(AbstractPipeline.java:498)
at java.util.stream.AbstractPipeline.copyInto(AbstractPipeline.java:485)
at java.util.stream.AbstractPipeline.wrapAndCopyInto(AbstractPipeline.java:471)
at java.util.stream.FindOps$FindOp.evaluateSequential(FindOps.java:152)
at java.util.stream.AbstractPipeline.evaluate(AbstractPipeline.java:234)
at java.util.stream.ReferencePipeline.findFirst(ReferencePipeline.java:464)
at org.openqa.selenium.remote.ProtocolHandshake.createSession(ProtocolHandshake.java:128)
at org.openqa.selenium.remote.ProtocolHandshake.createSession(ProtocolHandshake.java:74)
at org.openqa.selenium.remote.HttpCommandExecutor.execute(HttpCommandExecutor.java:136)
at org.openqa.selenium.remote.service.DriverCommandExecutor.execute(DriverCommandExecutor.java:83)
at org.openqa.selenium.remote.RemoteWebDriver.execute(RemoteWebDriver.java:552)
at org.openqa.selenium.remote.RemoteWebDriver.startSession(RemoteWebDriver.java:213)
at org.openqa.selenium.remote.RemoteWebDriver.<init>(RemoteWebDriver.java:131)
at org.openqa.selenium.chrome.ChromeDriver.<init>(ChromeDriver.java:181)
at org.openqa.selenium.chrome.ChromeDriver.<init>(ChromeDriver.java:168)
at org.openqa.selenium.chrome.ChromeDriver.<init>(ChromeDriver.java:123)
at testngFeature.OpenGoogle.beforeTest(OpenGoogle.java:22)
at sun.reflect.NativeMethodAccessorImpl.invoke0(Native Method)
at sun.reflect.NativeMethodAccessorImpl.invoke(NativeMethodAccessorImpl.java:62)
at sun.reflect.DelegatingMethodAccessorImpl.invoke(DelegatingMethodAccessorImpl.java:43)
at java.lang.reflect.Method.invoke(Method.java:498)
at org.testng.internal.MethodInvocationHelper.invokeMethod(MethodInvocationHelper.java:133)
at org.testng.internal.MethodInvocationHelper.invokeMethodConsideringTimeout(MethodInvocationHelper.java:62)
at org.testng.internal.ConfigInvoker.invokeConfigurationMethod(ConfigInvoker.java:340)
at org.testng.internal.ConfigInvoker.invokeConfigurations(ConfigInvoker.java:294)
at org.testng.TestRunner.invokeTestConfigurations(TestRunner.java:623)
at org.testng.TestRunner.beforeRun(TestRunner.java:613)
at org.testng.TestRunner.run(TestRunner.java:584)
at org.testng.SuiteRunner.runTest(SuiteRunner.java:402)
at org.testng.SuiteRunner.runSequentially(SuiteRunner.java:396)
at org.testng.SuiteRunner.privateRun(SuiteRunner.java:355)
at org.testng.SuiteRunner.run(SuiteRunner.java:304)
at org.testng.SuiteRunnerWorker.runSuite(SuiteRunnerWorker.java:53)
at org.testng.SuiteRunnerWorker.run(SuiteRunnerWorker.java:96)
at org.testng.TestNG.runSuitesSequentially(TestNG.java:1180)
at org.testng.TestNG.runSuitesLocally(TestNG.java:1102)
at org.testng.TestNG.runSuites(TestNG.java:1032)
at org.testng.TestNG.run(TestNG.java:1000)
at org.apache.maven.surefire.testng.TestNGExecutor.run(TestNGExecutor.java:283)
at org.apache.maven.surefire.testng.TestNGXmlTestSuite.execute(TestNGXmlTestSuite.java:75)
at org.apache.maven.surefire.testng.TestNGProvider.invoke(TestNGProvider.java:120)
at org.apache.maven.surefire.booter.ForkedBooter.invokeProviderInSameClassLoader(ForkedBooter.java:383)
at org.apache.maven.surefire.booter.ForkedBooter.runSuitesInProcess(ForkedBooter.java:344)
at org.apache.maven.surefire.booter.ForkedBooter.execute(ForkedBooter.java:125)
at org.apache.maven.surefire.booter.ForkedBooter.main(ForkedBooter.java:417)
]]>
            </full-stacktrace>
          </exception> <!-- org.openqa.selenium.SessionNotCreatedException -->
          <reporter-output>
          </reporter-output>
        </test-method> <!-- beforeTest -->
        <test-method status="SKIP" signature="f()[pri:0, instance:testngFeature.OpenGoogle@3abbfa04]" name="f" duration-ms="0" started-at="2019-11-12T10:27:33 IST" finished-at="2019-11-12T10:27:33 IST">
          <exception class="org.openqa.selenium.SessionNotCreatedException">
            <message>
              <![CDATA[session not created
from disconnected: received Inspector.detached event
  (Session info: chrome=78.0.3904.87)
Build info: version: '3.141.59', revision: 'e82be7d358', time: '2018-11-14T08:17:03'
System info: host: 'P3ALAP-G01FTQF', ip: '10.222.162.86', os.name: 'Windows 10', os.arch: 'amd64', os.version: '10.0', java.version: '1.8.0_201'
Driver info: driver.version: ChromeDriver
remote stacktrace: Backtrace:
Ordinal0 [0x002AA903+1550595]
Ordinal0 [0x0022A701+1025793]
Ordinal0 [0x001AC6E5+509669]
Ordinal0 [0x001A5229+479785]
Ordinal0 [0x001A4DFA+478714]
Ordinal0 [0x001A4878+477304]
Ordinal0 [0x001A3FEA+475114]
Ordinal0 [0x001A4105+475397]
Ordinal0 [0x001A3BB5+474037]
Ordinal0 [0x001AB445+504901]
Ordinal0 [0x001A3B68+473960]
Ordinal0 [0x001A451B+476443]
Ordinal0 [0x001A3FEA+475114]
Ordinal0 [0x001A4105+475397]
Ordinal0 [0x001A3BB5+474037]
Ordinal0 [0x001A9D8E+499086]
Ordinal0 [0x001A3B68+473960]
Ordinal0 [0x001A451B+476443]
Ordinal0 [0x001A3FEA+475114]
Ordinal0 [0x001A4105+475397]
Ordinal0 [0x001A3BB5+474037]
Ordinal0 [0x001A860D+493069]
Ordinal0 [0x001A3B68+473960]
Ordinal0 [0x001A451B+476443]
Ordinal0 [0x001A3FEA+475114]
Ordinal0 [0x001A4105+475397]
Ordinal0 [0x001A3BB5+474037]
Ordinal0 [0x001A7CC7+490695]
Ordinal0 [0x001A3B68+473960]
Ordinal0 [0x001A451B+476443]
Ordinal0 [0x001A3FEA+475114]
Ordinal0 [0x001A4105+475397]
Ordinal0 [0x001A3BB5+474037]
Ordinal0 [0x001A07AC+460716]
Ordinal0 [0x001A3B68+473960]
Ordinal0 [0x001A3A44+473668]
Ordinal0 [0x001AD330+512816]
Ordinal0 [0x0015B649+177737]
Ordinal0 [0x0015A8ED+174317]
Ordinal0 [0x00158CDB+167131]
Ordinal0 [0x0014144A+70730]
Ordinal0 [0x001424D0+74960]
Ordinal0 [0x00142469+74857]
Ordinal0 [0x002442C7+1131207]
GetHandleVerifier [0x003470FD+523789]
GetHandleVerifier [0x00346E90+523168]
GetHandleVerifier [0x0034E1E7+552695]
GetHandleVerifier [0x003478FA+525834]
Ordinal0 [0x0023B7FC+1095676]
Ordinal0 [0x0024633B+1139515]
Ordinal0 [0x002464A3+1139875]
Ordinal0 [0x00245425+1135653]
BaseThreadInitThunk [0x753C0419+25]
RtlGetAppContainerNamedObjectPath [0x777C662D+237]
RtlGetAppContainerNamedObjectPath [0x777C65FD+189]
]]>
            </message>
            <full-stacktrace>
              <![CDATA[org.openqa.selenium.SessionNotCreatedException: session not created
from disconnected: received Inspector.detached event
  (Session info: chrome=78.0.3904.87)
Build info: version: '3.141.59', revision: 'e82be7d358', time: '2018-11-14T08:17:03'
System info: host: 'P3ALAP-G01FTQF', ip: '10.222.162.86', os.name: 'Windows 10', os.arch: 'amd64', os.version: '10.0', java.version: '1.8.0_201'
Driver info: driver.version: ChromeDriver
remote stacktrace: Backtrace:
Ordinal0 [0x002AA903+1550595]
Ordinal0 [0x0022A701+1025793]
Ordinal0 [0x001AC6E5+509669]
Ordinal0 [0x001A5229+479785]
Ordinal0 [0x001A4DFA+478714]
Ordinal0 [0x001A4878+477304]
Ordinal0 [0x001A3FEA+475114]
Ordinal0 [0x001A4105+475397]
Ordinal0 [0x001A3BB5+474037]
Ordinal0 [0x001AB445+504901]
Ordinal0 [0x001A3B68+473960]
Ordinal0 [0x001A451B+476443]
Ordinal0 [0x001A3FEA+475114]
Ordinal0 [0x001A4105+475397]
Ordinal0 [0x001A3BB5+474037]
Ordinal0 [0x001A9D8E+499086]
Ordinal0 [0x001A3B68+473960]
Ordinal0 [0x001A451B+476443]
Ordinal0 [0x001A3FEA+475114]
Ordinal0 [0x001A4105+475397]
Ordinal0 [0x001A3BB5+474037]
Ordinal0 [0x001A860D+493069]
Ordinal0 [0x001A3B68+473960]
Ordinal0 [0x001A451B+476443]
Ordinal0 [0x001A3FEA+475114]
Ordinal0 [0x001A4105+475397]
Ordinal0 [0x001A3BB5+474037]
Ordinal0 [0x001A7CC7+490695]
Ordinal0 [0x001A3B68+473960]
Ordinal0 [0x001A451B+476443]
Ordinal0 [0x001A3FEA+475114]
Ordinal0 [0x001A4105+475397]
Ordinal0 [0x001A3BB5+474037]
Ordinal0 [0x001A07AC+460716]
Ordinal0 [0x001A3B68+473960]
Ordinal0 [0x001A3A44+473668]
Ordinal0 [0x001AD330+512816]
Ordinal0 [0x0015B649+177737]
Ordinal0 [0x0015A8ED+174317]
Ordinal0 [0x00158CDB+167131]
Ordinal0 [0x0014144A+70730]
Ordinal0 [0x001424D0+74960]
Ordinal0 [0x00142469+74857]
Ordinal0 [0x002442C7+1131207]
GetHandleVerifier [0x003470FD+523789]
GetHandleVerifier [0x00346E90+523168]
GetHandleVerifier [0x0034E1E7+552695]
GetHandleVerifier [0x003478FA+525834]
Ordinal0 [0x0023B7FC+1095676]
Ordinal0 [0x0024633B+1139515]
Ordinal0 [0x002464A3+1139875]
Ordinal0 [0x00245425+1135653]
BaseThreadInitThunk [0x753C0419+25]
RtlGetAppContainerNamedObjectPath [0x777C662D+237]
RtlGetAppContainerNamedObjectPath [0x777C65FD+189]

at sun.reflect.NativeConstructorAccessorImpl.newInstance0(Native Method)
at sun.reflect.NativeConstructorAccessorImpl.newInstance(NativeConstructorAccessorImpl.java:62)
at sun.reflect.DelegatingConstructorAccessorImpl.newInstance(DelegatingConstructorAccessorImpl.java:45)
at java.lang.reflect.Constructor.newInstance(Constructor.java:423)
at org.openqa.selenium.remote.W3CHandshakeResponse.lambda$errorHandler$0(W3CHandshakeResponse.java:62)
at org.openqa.selenium.remote.HandshakeResponse.lambda$getResponseFunction$0(HandshakeResponse.java:30)
at org.openqa.selenium.remote.ProtocolHandshake.lambda$createSession$0(ProtocolHandshake.java:126)
at java.util.stream.ReferencePipeline$3$1.accept(ReferencePipeline.java:193)
at java.util.Spliterators$ArraySpliterator.tryAdvance(Spliterators.java:958)
at java.util.stream.ReferencePipeline.forEachWithCancel(ReferencePipeline.java:126)
at java.util.stream.AbstractPipeline.copyIntoWithCancel(AbstractPipeline.java:498)
at java.util.stream.AbstractPipeline.copyInto(AbstractPipeline.java:485)
at java.util.stream.AbstractPipeline.wrapAndCopyInto(AbstractPipeline.java:471)
at java.util.stream.FindOps$FindOp.evaluateSequential(FindOps.java:152)
at java.util.stream.AbstractPipeline.evaluate(AbstractPipeline.java:234)
at java.util.stream.ReferencePipeline.findFirst(ReferencePipeline.java:464)
at org.openqa.selenium.remote.ProtocolHandshake.createSession(ProtocolHandshake.java:128)
at org.openqa.selenium.remote.ProtocolHandshake.createSession(ProtocolHandshake.java:74)
at org.openqa.selenium.remote.HttpCommandExecutor.execute(HttpCommandExecutor.java:136)
at org.openqa.selenium.remote.service.DriverCommandExecutor.execute(DriverCommandExecutor.java:83)
at org.openqa.selenium.remote.RemoteWebDriver.execute(RemoteWebDriver.java:552)
at org.openqa.selenium.remote.RemoteWebDriver.startSession(RemoteWebDriver.java:213)
at org.openqa.selenium.remote.RemoteWebDriver.<init>(RemoteWebDriver.java:131)
at org.openqa.selenium.chrome.ChromeDriver.<init>(ChromeDriver.java:181)
at org.openqa.selenium.chrome.ChromeDriver.<init>(ChromeDriver.java:168)
at org.openqa.selenium.chrome.ChromeDriver.<init>(ChromeDriver.java:123)
at testngFeature.OpenGoogle.beforeTest(OpenGoogle.java:22)
at sun.reflect.NativeMethodAccessorImpl.invoke0(Native Method)
at sun.reflect.NativeMethodAccessorImpl.invoke(NativeMethodAccessorImpl.java:62)
at sun.reflect.DelegatingMethodAccessorImpl.invoke(DelegatingMethodAccessorImpl.java:43)
at java.lang.reflect.Method.invoke(Method.java:498)
at org.testng.internal.MethodInvocationHelper.invokeMethod(MethodInvocationHelper.java:133)
at org.testng.internal.MethodInvocationHelper.invokeMethodConsideringTimeout(MethodInvocationHelper.java:62)
at org.testng.internal.ConfigInvoker.invokeConfigurationMethod(ConfigInvoker.java:340)
at org.testng.internal.ConfigInvoker.invokeConfigurations(ConfigInvoker.java:294)
at org.testng.TestRunner.invokeTestConfigurations(TestRunner.java:623)
at org.testng.TestRunner.beforeRun(TestRunner.java:613)
at org.testng.TestRunner.run(TestRunner.java:584)
at org.testng.SuiteRunner.runTest(SuiteRunner.java:402)
at org.testng.SuiteRunner.runSequentially(SuiteRunner.java:396)
at org.testng.SuiteRunner.privateRun(SuiteRunner.java:355)
at org.testng.SuiteRunner.run(SuiteRunner.java:304)
at org.testng.SuiteRunnerWorker.runSuite(SuiteRunnerWorker.java:53)
at org.testng.SuiteRunnerWorker.run(SuiteRunnerWorker.java:96)
at org.testng.TestNG.runSuitesSequentially(TestNG.java:1180)
at org.testng.TestNG.runSuitesLocally(TestNG.java:1102)
at org.testng.TestNG.runSuites(TestNG.java:1032)
at org.testng.TestNG.run(TestNG.java:1000)
at org.apache.maven.surefire.testng.TestNGExecutor.run(TestNGExecutor.java:283)
at org.apache.maven.surefire.testng.TestNGXmlTestSuite.execute(TestNGXmlTestSuite.java:75)
at org.apache.maven.surefire.testng.TestNGProvider.invoke(TestNGProvider.java:120)
at org.apache.maven.surefire.booter.ForkedBooter.invokeProviderInSameClassLoader(ForkedBooter.java:383)
at org.apache.maven.surefire.booter.ForkedBooter.runSuitesInProcess(ForkedBooter.java:344)
at org.apache.maven.surefire.booter.ForkedBooter.execute(ForkedBooter.java:125)
at org.apache.maven.surefire.booter.ForkedBooter.main(ForkedBooter.java:417)
]]>
            </full-stacktrace>
          </exception> <!-- org.openqa.selenium.SessionNotCreatedException -->
          <reporter-output>
          </reporter-output>
        </test-method> <!-- f -->
        <test-method status="SKIP" signature="afterTest()[pri:0, instance:testngFeature.OpenGoogle@3abbfa04]" name="afterTest" is-config="true" duration-ms="-1573534653542" started-at="2019-11-12T10:27:33 IST" finished-at="1970-01-01T05:30:00 IST">
          <reporter-output>
          </reporter-output>
        </test-method> <!-- afterTest -->
      </class> <!-- testngFeature.OpenGoogle -->
      <class name="testngFeature.DemoSoftAssert">
        <test-method status="SKIP" signature="f()[pri:0, instance:testngFeature.DemoSoftAssert@14bf9759]" name="f" duration-ms="0" started-at="2019-11-12T10:27:33 IST" finished-at="2019-11-12T10:27:33 IST">
          <exception class="org.openqa.selenium.SessionNotCreatedException">
            <message>
              <![CDATA[session not created
from disconnected: received Inspector.detached event
  (Session info: chrome=78.0.3904.87)
Build info: version: '3.141.59', revision: 'e82be7d358', time: '2018-11-14T08:17:03'
System info: host: 'P3ALAP-G01FTQF', ip: '10.222.162.86', os.name: 'Windows 10', os.arch: 'amd64', os.version: '10.0', java.version: '1.8.0_201'
Driver info: driver.version: ChromeDriver
remote stacktrace: Backtrace:
Ordinal0 [0x002AA903+1550595]
Ordinal0 [0x0022A701+1025793]
Ordinal0 [0x001AC6E5+509669]
Ordinal0 [0x001A5229+479785]
Ordinal0 [0x001A4DFA+478714]
Ordinal0 [0x001A4878+477304]
Ordinal0 [0x001A3FEA+475114]
Ordinal0 [0x001A4105+475397]
Ordinal0 [0x001A3BB5+474037]
Ordinal0 [0x001AB445+504901]
Ordinal0 [0x001A3B68+473960]
Ordinal0 [0x001A451B+476443]
Ordinal0 [0x001A3FEA+475114]
Ordinal0 [0x001A4105+475397]
Ordinal0 [0x001A3BB5+474037]
Ordinal0 [0x001A9D8E+499086]
Ordinal0 [0x001A3B68+473960]
Ordinal0 [0x001A451B+476443]
Ordinal0 [0x001A3FEA+475114]
Ordinal0 [0x001A4105+475397]
Ordinal0 [0x001A3BB5+474037]
Ordinal0 [0x001A860D+493069]
Ordinal0 [0x001A3B68+473960]
Ordinal0 [0x001A451B+476443]
Ordinal0 [0x001A3FEA+475114]
Ordinal0 [0x001A4105+475397]
Ordinal0 [0x001A3BB5+474037]
Ordinal0 [0x001A7CC7+490695]
Ordinal0 [0x001A3B68+473960]
Ordinal0 [0x001A451B+476443]
Ordinal0 [0x001A3FEA+475114]
Ordinal0 [0x001A4105+475397]
Ordinal0 [0x001A3BB5+474037]
Ordinal0 [0x001A07AC+460716]
Ordinal0 [0x001A3B68+473960]
Ordinal0 [0x001A3A44+473668]
Ordinal0 [0x001AD330+512816]
Ordinal0 [0x0015B649+177737]
Ordinal0 [0x0015A8ED+174317]
Ordinal0 [0x00158CDB+167131]
Ordinal0 [0x0014144A+70730]
Ordinal0 [0x001424D0+74960]
Ordinal0 [0x00142469+74857]
Ordinal0 [0x002442C7+1131207]
GetHandleVerifier [0x003470FD+523789]
GetHandleVerifier [0x00346E90+523168]
GetHandleVerifier [0x0034E1E7+552695]
GetHandleVerifier [0x003478FA+525834]
Ordinal0 [0x0023B7FC+1095676]
Ordinal0 [0x0024633B+1139515]
Ordinal0 [0x002464A3+1139875]
Ordinal0 [0x00245425+1135653]
BaseThreadInitThunk [0x753C0419+25]
RtlGetAppContainerNamedObjectPath [0x777C662D+237]
RtlGetAppContainerNamedObjectPath [0x777C65FD+189]
]]>
            </message>
            <full-stacktrace>
              <![CDATA[org.openqa.selenium.SessionNotCreatedException: session not created
from disconnected: received Inspector.detached event
  (Session info: chrome=78.0.3904.87)
Build info: version: '3.141.59', revision: 'e82be7d358', time: '2018-11-14T08:17:03'
System info: host: 'P3ALAP-G01FTQF', ip: '10.222.162.86', os.name: 'Windows 10', os.arch: 'amd64', os.version: '10.0', java.version: '1.8.0_201'
Driver info: driver.version: ChromeDriver
remote stacktrace: Backtrace:
Ordinal0 [0x002AA903+1550595]
Ordinal0 [0x0022A701+1025793]
Ordinal0 [0x001AC6E5+509669]
Ordinal0 [0x001A5229+479785]
Ordinal0 [0x001A4DFA+478714]
Ordinal0 [0x001A4878+477304]
Ordinal0 [0x001A3FEA+475114]
Ordinal0 [0x001A4105+475397]
Ordinal0 [0x001A3BB5+474037]
Ordinal0 [0x001AB445+504901]
Ordinal0 [0x001A3B68+473960]
Ordinal0 [0x001A451B+476443]
Ordinal0 [0x001A3FEA+475114]
Ordinal0 [0x001A4105+475397]
Ordinal0 [0x001A3BB5+474037]
Ordinal0 [0x001A9D8E+499086]
Ordinal0 [0x001A3B68+473960]
Ordinal0 [0x001A451B+476443]
Ordinal0 [0x001A3FEA+475114]
Ordinal0 [0x001A4105+475397]
Ordinal0 [0x001A3BB5+474037]
Ordinal0 [0x001A860D+493069]
Ordinal0 [0x001A3B68+473960]
Ordinal0 [0x001A451B+476443]
Ordinal0 [0x001A3FEA+475114]
Ordinal0 [0x001A4105+475397]
Ordinal0 [0x001A3BB5+474037]
Ordinal0 [0x001A7CC7+490695]
Ordinal0 [0x001A3B68+473960]
Ordinal0 [0x001A451B+476443]
Ordinal0 [0x001A3FEA+475114]
Ordinal0 [0x001A4105+475397]
Ordinal0 [0x001A3BB5+474037]
Ordinal0 [0x001A07AC+460716]
Ordinal0 [0x001A3B68+473960]
Ordinal0 [0x001A3A44+473668]
Ordinal0 [0x001AD330+512816]
Ordinal0 [0x0015B649+177737]
Ordinal0 [0x0015A8ED+174317]
Ordinal0 [0x00158CDB+167131]
Ordinal0 [0x0014144A+70730]
Ordinal0 [0x001424D0+74960]
Ordinal0 [0x00142469+74857]
Ordinal0 [0x002442C7+1131207]
GetHandleVerifier [0x003470FD+523789]
GetHandleVerifier [0x00346E90+523168]
GetHandleVerifier [0x0034E1E7+552695]
GetHandleVerifier [0x003478FA+525834]
Ordinal0 [0x0023B7FC+1095676]
Ordinal0 [0x0024633B+1139515]
Ordinal0 [0x002464A3+1139875]
Ordinal0 [0x00245425+1135653]
BaseThreadInitThunk [0x753C0419+25]
RtlGetAppContainerNamedObjectPath [0x777C662D+237]
RtlGetAppContainerNamedObjectPath [0x777C65FD+189]

at sun.reflect.NativeConstructorAccessorImpl.newInstance0(Native Method)
at sun.reflect.NativeConstructorAccessorImpl.newInstance(NativeConstructorAccessorImpl.java:62)
at sun.reflect.DelegatingConstructorAccessorImpl.newInstance(DelegatingConstructorAccessorImpl.java:45)
at java.lang.reflect.Constructor.newInstance(Constructor.java:423)
at org.openqa.selenium.remote.W3CHandshakeResponse.lambda$errorHandler$0(W3CHandshakeResponse.java:62)
at org.openqa.selenium.remote.HandshakeResponse.lambda$getResponseFunction$0(HandshakeResponse.java:30)
at org.openqa.selenium.remote.ProtocolHandshake.lambda$createSession$0(ProtocolHandshake.java:126)
at java.util.stream.ReferencePipeline$3$1.accept(ReferencePipeline.java:193)
at java.util.Spliterators$ArraySpliterator.tryAdvance(Spliterators.java:958)
at java.util.stream.ReferencePipeline.forEachWithCancel(ReferencePipeline.java:126)
at java.util.stream.AbstractPipeline.copyIntoWithCancel(AbstractPipeline.java:498)
at java.util.stream.AbstractPipeline.copyInto(AbstractPipeline.java:485)
at java.util.stream.AbstractPipeline.wrapAndCopyInto(AbstractPipeline.java:471)
[...]
Ordinal0 [0x001A3BB5+474037]
Ordinal0 [0x001A9D8E+499086]
Ordinal0 [0x001A3B68+473960]
Ordinal0 [0x001A451B+476443]
Ordinal0 [0x001A3FEA+475114]
Ordinal0 [0x001A4105+475397]
Ordinal0 [0x001A3BB5+474037]
Ordinal0 [0x001A860D+493069]
Ordinal0 [0x001A3B68+473960]
Ordinal0 [0x001A451B+476443]
Ordinal0 [0x001A3FEA+475114]
Ordinal0 [0x001A4105+475397]
Ordinal0 [0x001A3BB5+474037]
Ordinal0 [0x001A7CC7+490695]
Ordinal0 [0x001A3B68+473960]
Ordinal0 [0x001A451B+476443]
Ordinal0 [0x001A3FEA+475114]
Ordinal0 [0x001A4105+475397]
Ordinal0 [0x001A3BB5+474037]
Ordinal0 [0x001A07AC+460716]
Ordinal0 [0x001A3B68+473960]
Ordinal0 [0x001A3A44+473668]
Ordinal0 [0x001AD330+512816]
Ordinal0 [0x0015B649+177737]
Ordinal0 [0x0015A8ED+174317]
Ordinal0 [0x00158CDB+167131]
Ordinal0 [0x0014144A+70730]
Ordinal0 [0x001424D0+74960]
Ordinal0 [0x00142469+74857]
Ordinal0 [0x002442C7+1131207]
GetHandleVerifier [0x003470FD+523789]
GetHandleVerifier [0x00346E90+523168]
GetHandleVerifier [0x0034E1E7+552695]
GetHandleVerifier [0x003478FA+525834]
Ordinal0 [0x0023B7FC+1095676]
Ordinal0 [0x0024633B+1139515]
Ordinal0 [0x002464A3+1139875]
Ordinal0 [0x00245425+1135653]
BaseThreadInitThunk [0x753C0419+25]
RtlGetAppContainerNamedObjectPath [0x777C662D+237]
RtlGetAppContainerNamedObjectPath [0x777C65FD+189]

at sun.reflect.NativeConstructorAccessorImpl.newInstance0(Native Method)
at sun.reflect.NativeConstructorAccessorImpl.newInstance(NativeConstructorAccessorImpl.java:62)
at sun.reflect.DelegatingConstructorAccessorImpl.newInstance(DelegatingConstructorAccessorImpl.java:45)
at java.lang.reflect.Constructor.newInstance(Constructor.java:423)
at org.openqa.selenium.remote.W3CHandshakeResponse.lambda$errorHandler$0(W3CHandshakeResponse.java:62)
at org.openqa.selenium.remote.HandshakeResponse.lambda$getResponseFunction$0(HandshakeResponse.java:30)
at org.openqa.selenium.remote.ProtocolHandshake.lambda$createSession$0(ProtocolHandshake.java:126)
at java.util.stream.ReferencePipeline$3$1.accept(ReferencePipeline.java:193)
at java.util.Spliterators$ArraySpliterator.tryAdvance(Spliterators.java:958)
at java.util.stream.ReferencePipeline.forEachWithCancel(ReferencePipeline.java:126)
at java.util.stream.AbstractPipeline.copyIntoWithCancel(AbstractPipeline.java:498)
at java.util.stream.AbstractPipeline.copyInto(AbstractPipeline.java:485)
at java.util.stream.AbstractPipeline.wrapAndCopyInto(AbstractPipeline.java:471)
at java.util.stream.FindOps$FindOp.evaluateSequential(FindOps.java:152)
at java.util.stream.AbstractPipeline.evaluate(AbstractPipeline.java:234)
at java.util.stream.ReferencePipeline.findFirst(ReferencePipeline.java:464)
at org.openqa.selenium.remote.ProtocolHandshake.createSession(ProtocolHandshake.java:128)
at org.openqa.selenium.remote.ProtocolHandshake.createSession(ProtocolHandshake.java:74)
at org.openqa.selenium.remote.HttpCommandExecutor.execute(HttpCommandExecutor.java:136)
at org.openqa.selenium.remote.service.DriverCommandExecutor.execute(DriverCommandExecutor.java:83)
at org.openqa.selenium.remote.RemoteWebDriver.execute(RemoteWebDriver.java:552)
at org.openqa.selenium.remote.RemoteWebDriver.startSession(RemoteWebDriver.java:213)
at org.openqa.selenium.remote.RemoteWebDriver.<init>(RemoteWebDriver.java:131)
at org.openqa.selenium.chrome.ChromeDriver.<init>(ChromeDriver.java:181)
at org.openqa.selenium.chrome.ChromeDriver.<init>(ChromeDriver.java:168)
at org.openqa.selenium.chrome.ChromeDriver.<init>(ChromeDriver.java:123)
at testngFeature.OpenGoogle.beforeTest(OpenGoogle.java:22)
at sun.reflect.NativeMethodAccessorImpl.invoke0(Native Method)
at sun.reflect.NativeMethodAccessorImpl.invoke(NativeMethodAccessorImpl.java:62)
at sun.reflect.DelegatingMethodAccessorImpl.invoke(DelegatingMethodAccessorImpl.java:43)
at java.lang.reflect.Method.invoke(Method.java:498)
at org.testng.internal.MethodInvocationHelper.invokeMethod(MethodInvocationHelper.java:133)
at org.testng.internal.MethodInvocationHelper.invokeMethodConsideringTimeout(MethodInvocationHelper.java:62)
at org.testng.internal.ConfigInvoker.invokeConfigurationMethod(ConfigInvoker.java:340)
at org.testng.internal.ConfigInvoker.invokeConfigurations(ConfigInvoker.java:294)
at org.testng.TestRunner.invokeTestConfigurations(TestRunner.java:623)
at org.testng.TestRunner.beforeRun(TestRunner.java:613)
at org.testng.TestRunner.run(TestRunner.java:584)
at org.testng.SuiteRunner.runTest(SuiteRunner.java:402)
at org.testng.SuiteRunner.runSequentially(SuiteRunner.java:396)
at org.testng.SuiteRunner.privateRun(SuiteRunner.java:355)
at org.testng.SuiteRunner.run(SuiteRunner.java:304)
at org.testng.SuiteRunnerWorker.runSuite(SuiteRunnerWorker.java:53)
at org.testng.SuiteRunnerWorker.run(SuiteRunnerWorker.java:96)
at org.testng.TestNG.runSuitesSequentially(TestNG.java:1180)
at org.testng.TestNG.runSuitesLocally(TestNG.java:1102)
at org.testng.TestNG.runSuites(TestNG.java:1032)
at org.testng.TestNG.run(TestNG.java:1000)
at org.apache.maven.surefire.testng.TestNGExecutor.run(TestNGExecutor.java:283)
at org.apache.maven.surefire.testng.TestNGXmlTestSuite.execute(TestNGXmlTestSuite.java:75)
at org.apache.maven.surefire.testng.TestNGProvider.invoke(TestNGProvider.java:120)
at org.apache.maven.surefire.booter.ForkedBooter.invokeProviderInSameClassLoader(ForkedBooter.java:383)
at org.apache.maven.surefire.booter.ForkedBooter.runSuitesInProcess(ForkedBooter.java:344)
at org.apache.maven.surefire.booter.ForkedBooter.execute(ForkedBooter.java:125)
at org.apache.maven.surefire.booter.ForkedBooter.main(ForkedBooter.java:417)
]]>
            </full-stacktrace>
          </exception> <!-- org.openqa.selenium.SessionNotCreatedException -->
          <reporter-output>
          </reporter-output>
        </test-method> <!-- openBrowser -->
        <test-method status="SKIP" signature="login()[pri:0, instance:testngFeature.DemodependaOn@3c0ecd4b]" name="login" duration-ms="0" started-at="2019-11-12T10:27:33 IST" depends-on-methods="testngFeature.DemodependaOn.openBrowser" finished-at="2019-11-12T10:27:33 IST">
          <exception class="java.lang.Throwable">
            <message>
              <![CDATA[Method DemodependaOn.login()[pri:0, instance:testngFeature.DemodependaOn@3c0ecd4b] depends on not successfully finished methods]]>
            </message>
            <full-stacktrace>
              <![CDATA[java.lang.Throwable: Method DemodependaOn.login()[pri:0, instance:testngFeature.DemodependaOn@3c0ecd4b] depends on not successfully finished methods
at org.testng.internal.TestInvoker.invokeTestMethods(TestInvoker.java:99)
at org.testng.internal.TestMethodWorker.invokeTestMethods(TestMethodWorker.java:146)
at org.testng.internal.TestMethodWorker.run(TestMethodWorker.java:128)
at java.util.ArrayList.forEach(ArrayList.java:1257)
at org.testng.TestRunner.privateRun(TestRunner.java:770)
at org.testng.TestRunner.run(TestRunner.java:591)
at org.testng.SuiteRunner.runTest(SuiteRunner.java:402)
at org.testng.SuiteRunner.runSequentially(SuiteRunner.java:396)
at org.testng.SuiteRunner.privateRun(SuiteRunner.java:355)
at org.testng.SuiteRunner.run(SuiteRunner.java:304)
at org.testng.SuiteRunnerWorker.runSuite(SuiteRunnerWorker.java:53)
at org.testng.SuiteRunnerWorker.run(SuiteRunnerWorker.java:96)
at org.testng.TestNG.runSuitesSequentially(TestNG.java:1180)
at org.testng.TestNG.runSuitesLocally(TestNG.java:1102)
at org.testng.TestNG.runSuites(TestNG.java:1032)
at org.testng.TestNG.run(TestNG.java:1000)
at org.apache.maven.surefire.testng.TestNGExecutor.run(TestNGExecutor.java:283)
at org.apache.maven.surefire.testng.TestNGXmlTestSuite.execute(TestNGXmlTestSuite.java:75)
at org.apache.maven.surefire.testng.TestNGProvider.invoke(TestNGProvider.java:120)
at org.apache.maven.surefire.booter.ForkedBooter.invokeProviderInSameClassLoader(ForkedBooter.java:383)
at org.apache.maven.surefire.booter.ForkedBooter.runSuitesInProcess(ForkedBooter.java:344)
at org.apache.maven.surefire.booter.ForkedBooter.execute(ForkedBooter.java:125)
at org.apache.maven.surefire.booter.ForkedBooter.main(ForkedBooter.java:417)
]]>
            </full-stacktrace>
          </exception> <!-- java.lang.Throwable -->
          <reporter-output>
          </reporter-output>
        </test-method> <!-- login -->
        <test-method status="SKIP" signature="logout()[pri:0, instance:testngFeature.DemodependaOn@3c0ecd4b]" name="logout" duration-ms="0" started-at="2019-11-12T10:27:33 IST" depends-on-methods="testngFeature.DemodependaOn.login" finished-at="2019-11-12T10:27:33 IST">
          <exception class="java.lang.Throwable">
            <message>
              <![CDATA[Method DemodependaOn.logout()[pri:0, instance:testngFeature.DemodependaOn@3c0ecd4b] depends on not successfully finished methods]]>
            </message>
            <full-stacktrace>
              <![CDATA[java.lang.Throwable: Method DemodependaOn.logout()[pri:0, instance:testngFeature.DemodependaOn@3c0ecd4b] depends on not successfully finished methods
at org.testng.internal.TestInvoker.invokeTestMethods(TestInvoker.java:99)
at org.testng.internal.TestMethodWorker.invokeTestMethods(TestMethodWorker.java:146)
at org.testng.internal.TestMethodWorker.run(TestMethodWorker.java:128)
at java.util.ArrayList.forEach(ArrayList.java:1257)
at org.testng.TestRunner.privateRun(TestRunner.java:770)
at org.testng.TestRunner.run(TestRunner.java:591)
at org.testng.SuiteRunner.runTest(SuiteRunner.java:402)
at org.testng.SuiteRunner.runSequentially(SuiteRunner.java:396)
at org.testng.SuiteRunner.privateRun(SuiteRunner.java:355)
at org.testng.SuiteRunner.run(SuiteRunner.java:304)
at org.testng.SuiteRunnerWorker.runSuite(SuiteRunnerWorker.java:53)
at org.testng.SuiteRunnerWorker.run(SuiteRunnerWorker.java:96)
at org.testng.TestNG.runSuitesSequentially(TestNG.java:1180)
at org.testng.TestNG.runSuitesLocally(TestNG.java:1102)
at org.testng.TestNG.runSuites(TestNG.java:1032)
at org.testng.TestNG.run(TestNG.java:1000)
at org.apache.maven.surefire.testng.TestNGExecutor.run(TestNGExecutor.java:283)
at org.apache.maven.surefire.testng.TestNGXmlTestSuite.execute(TestNGXmlTestSuite.java:75)
at org.apache.maven.surefire.testng.TestNGProvider.invoke(TestNGProvider.java:120)
at org.apache.maven.surefire.booter.ForkedBooter.invokeProviderInSameClassLoader(ForkedBooter.java:383)
at org.apache.maven.surefire.booter.ForkedBooter.runSuitesInProcess(ForkedBooter.java:344)
at org.apache.maven.surefire.booter.ForkedBooter.execute(ForkedBooter.java:125)
at org.apache.maven.surefire.booter.ForkedBooter.main(ForkedBooter.java:417)
]]>
            </full-stacktrace>
          </exception> <!-- java.lang.Throwable -->
          <reporter-output>
          </reporter-output>
        </test-method> <!-- logout -->
      </class> <!-- testngFeature.DemodependaOn -->
      <class name="testngFeature.NewTest">
        <test-method status="SKIP" signature="f()[pri:0, instance:testngFeature.NewTest@4f7d0008]" name="f" duration-ms="0" started-at="2019-11-12T10:27:33 IST" finished-at="2019-11-12T10:27:33 IST">
          <exception class="org.openqa.selenium.SessionNotCreatedException">
            <message>
              <![CDATA[session not created
from disconnected: received Inspector.detached event
  (Session info: chrome=78.0.3904.87)
Build info: version: '3.141.59', revision: 'e82be7d358', time: '2018-11-14T08:17:03'
System info: host: 'P3ALAP-G01FTQF', ip: '10.222.162.86', os.name: 'Windows 10', os.arch: 'amd64', os.version: '10.0', java.version: '1.8.0_201'
Driver info: driver.version: ChromeDriver
remote stacktrace: Backtrace:
Ordinal0 [0x002AA903+1550595]
Ordinal0 [0x0022A701+1025793]
Ordinal0 [0x001AC6E5+509669]
Ordinal0 [0x001A5229+479785]
Ordinal0 [0x001A4DFA+478714]
Ordinal0 [0x001A4878+477304]
Ordinal0 [0x001A3FEA+475114]
Ordinal0 [0x001A4105+475397]
Ordinal0 [0x001A3BB5+474037]
Ordinal0 [0x001AB445+504901]
Ordinal0 [0x001A3B68+473960]
Ordinal0 [0x001A451B+476443]
Ordinal0 [0x001A3FEA+475114]
Ordinal0 [0x001A4105+475397]
Ordinal0 [0x001A3BB5+474037]
Ordinal0 [0x001A9D8E+499086]
Ordinal0 [0x001A3B68+473960]
Ordinal0 [0x001A451B+476443]
Ordinal0 [0x001A3FEA+475114]
Ordinal0 [0x001A4105+475397]
Ordinal0 [0x001A3BB5+474037]
Ordinal0 [0x001A860D+493069]
Ordinal0 [0x001A3B68+473960]
Ordinal0 [0x001A451B+476443]
Ordinal0 [0x001A3FEA+475114]
Ordinal0 [0x001A4105+475397]
Ordinal0 [0x001A3BB5+474037]
Ordinal0 [0x001A7CC7+490695]
Ordinal0 [0x001A3B68+473960]
Ordinal0 [0x001A451B+476443]
Ordinal0 [0x001A3FEA+475114]
Ordinal0 [0x001A4105+475397]
Ordinal0 [0x001A3BB5+474037]
Ordinal0 [0x001A07AC+460716]
Ordinal0 [0x001A3B68+473960]
Ordinal0 [0x001A3A44+473668]
Ordinal0 [0x001AD330+512816]
Ordinal0 [0x0015B649+177737]
Ordinal0 [0x0015A8ED+174317]
Ordinal0 [0x00158CDB+167131]
Ordinal0 [0x0014144A+70730]
Ordinal0 [0x001424D0+74960]
Ordinal0 [0x00142469+74857]
Ordinal0 [0x002442C7+1131207]
GetHandleVerifier [0x003470FD+523789]
GetHandleVerifier [0x00346E90+523168]
GetHandleVerifier [0x0034E1E7+552695]
GetHandleVerifier [0x003478FA+525834]
Ordinal0 [0x0023B7FC+1095676]
Ordinal0 [0x0024633B+1139515]
Ordinal0 [0x002464A3+1139875]
Ordinal0 [0x00245425+1135653]
BaseThreadInitThunk [0x753C0419+25]
RtlGetAppContainerNamedObjectPath [0x777C662D+237]
RtlGetAppContainerNamedObjectPath [0x777C65FD+189]
]]>
            </message>
            <full-stacktrace>
              <![CDATA[org.openqa.selenium.SessionNotCreatedException: session not created
from disconnected: received Inspector.detached event
  (Session info: chrome=78.0.3904.87)
Build info: version: '3.141.59', revision: 'e82be7d358', time: '2018-11-14T08:17:03'
System info: host: 'P3ALAP-G01FTQF', ip: '10.222.162.86', os.name: 'Windows 10', os.arch: 'amd64', os.version: '10.0', java.version: '1.8.0_201'
Driver info: driver.version: ChromeDriver
remote stacktrace: Backtrace:
Ordinal0 [0x002AA903+1550595]
Ordinal0 [0x0022A701+1025793]
Ordinal0 [0x001AC6E5+509669]
Ordinal0 [0x001A5229+479785]
Ordinal0 [0x001A4DFA+478714]
Ordinal0 [0x001A4878+477304]
Ordinal0 [0x001A3FEA+475114]
Ordinal0 [0x001A4105+475397]
Ordinal0 [0x001A3BB5+474037]
Ordinal0 [0x001AB445+504901]
Ordinal0 [0x001A3B68+473960]
Ordinal0 [0x001A451B+476443]
Ordinal0 [0x001A3FEA+475114]
Ordinal0 [0x001A4105+475397]
Ordinal0 [0x001A3BB5+474037]
Ordinal0 [0x001A9D8E+499086]
Ordinal0 [0x001A3B68+473960]
Ordinal0 [0x001A451B+476443]
Ordinal0 [0x001A3FEA+475114]
Ordinal0 [0x001A4105+475397]
Ordinal0 [0x001A3BB5+474037]
Ordinal0 [0x001A860D+493069]
Ordinal0 [0x001A3B68+473960]
Ordinal0 [0x001A451B+476443]
Ordinal0 [0x001A3FEA+475114]
Ordinal0 [0x001A4105+475397]
Ordinal0 [0x001A3BB5+474037]
Ordinal0 [0x001A7CC7+490695]
Ordinal0 [0x001A3B68+473960]
Ordinal0 [0x001A451B+476443]
Ordinal0 [0x001A3FEA+475114]
Ordinal0 [0x001A4105+475397]
Ordinal0 [0x001A3BB5+474037]
Ordinal0 [0x001A07AC+460716]
Ordinal0 [0x001A3B68+473960]
Ordinal0 [0x001A3A44+473668]
Ordinal0 [0x001AD330+512816]
Ordinal0 [0x0015B649+177737]
Ordinal0 [0x0015A8ED+174317]
Ordinal0 [0x00158CDB+167131]
Ordinal0 [0x0014144A+70730]
Ordinal0 [0x001424D0+74960]
Ordinal0 [0x00142469+74857]
Ordinal0 [0x002442C7+1131207]
GetHandleVerifier [0x003470FD+523789]
GetHandleVerifier [0x00346E90+523168]
GetHandleVerifier [0x0034E1E7+552695]
GetHandleVerifier [0x003478FA+525834]
Ordinal0 [0x0023B7FC+1095676]
Ordinal0 [0x0024633B+1139515]
Ordinal0 [0x002464A3+1139875]
Ordinal0 [0x00245425+1135653]
BaseThreadInitThunk [0x753C0419+25]
RtlGetAppContainerNamedObjectPath [0x777C662D+237]
RtlGetAppContainerNamedObjectPath [0x777C65FD+189]

at sun.reflect.NativeConstructorAccessorImpl.newInstance0(Native Method)
at sun.reflect.NativeConstructorAccessorImpl.newInstance(NativeConstructorAccessorImpl.java:62)
at sun.reflect.DelegatingConstructorAccessorImpl.newInstance(DelegatingConstructorAccessorImpl.java:45)
at java.lang.reflect.Constructor.newInstance(Constructor.java:423)
at org.openqa.selenium.remote.W3CHandshakeResponse.lambda$errorHandler$0(W3CHandshakeResponse.java:62)
at org.openqa.selenium.remote.HandshakeResponse.lambda$getResponseFunction$0(HandshakeResponse.java:30)
at org.openqa.selenium.remote.ProtocolHandshake.lambda$createSession$0(ProtocolHandshake.java:126)
at java.util.stream.ReferencePipeline$3$1.accept(ReferencePipeline.java:193)
at java.util.Spliterators$ArraySpliterator.tryAdvance(Spliterators.java:958)
at java.util.stream.ReferencePipeline.forEachWithCancel(ReferencePipeline.java:126)
at java.util.stream.AbstractPipeline.copyIntoWithCancel(AbstractPipeline.java:498)
at java.util.stream.AbstractPipeline.copyInto(AbstractPipeline.java:485)
at java.util.stream.AbstractPipeline.wrapAndCopyInto(AbstractPipeline.java:471)
at java.util.stream.FindOps$FindOp.evaluateSequential(FindOps.java:152)
at java.util.stream.AbstractPipeline.evaluate(AbstractPipeline.java:234)
at java.util.stream.ReferencePipeline.findFirst(ReferencePipeline.java:464)
at org.openqa.selenium.remote.ProtocolHandshake.createSession(ProtocolHandshake.java:128)
at org.openqa.selenium.remote.ProtocolHandshake.createSession(ProtocolHandshake.java:74)
at org.openqa.selenium.remote.HttpCommandExecutor.execute(HttpCommandExecutor.java:136)
at org.openqa.selenium.remote.service.DriverCommandExecutor.execute(DriverCommandExecutor.java:83)
at org.openqa.selenium.remote.RemoteWebDriver.execute(RemoteWebDriver.java:552)
at org.openqa.selenium.remote.RemoteWebDriver.startSession(RemoteWebDriver.java:213)
at org.openqa.selenium.remote.RemoteWebDriver.<init>(RemoteWebDriver.java:131)
at org.openqa.selenium.chrome.ChromeDriver.<init>(ChromeDriver.java:181)
at org.openqa.selenium.chrome.ChromeDriver.<init>(ChromeDriver.java:168)
at org.openqa.selenium.chrome.ChromeDriver.<init>(ChromeDriver.java:123)
at testngFeature.OpenGoogle.beforeTest(OpenGoogle.java:22)
at sun.reflect.NativeMethodAccessorImpl.invoke0(Native Method)
at sun.reflect.NativeMethodAccessorImpl.invoke(NativeMethodAccessorImpl.java:62)
at sun.reflect.DelegatingMethodAccessorImpl.invoke(DelegatingMethodAccessorImpl.java:43)
at java.lang.reflect.Method.invoke(Method.java:498)
at org.testng.internal.MethodInvocationHelper.invokeMethod(MethodInvocationHelper.java:133)
at org.testng.internal.MethodInvocationHelper.invokeMethodConsideringTimeout(MethodInvocationHelper.java:62)
at org.testng.internal.ConfigInvoker.invokeConfigurationMethod(ConfigInvoker.java:340)
at org.testng.internal.ConfigInvoker.invokeConfigurations(ConfigInvoker.java:294)
at org.testng.TestRunner.invokeTestConfigurations(TestRunner.java:623)
at org.testng.TestRunner.beforeRun(TestRunner.java:613)
at org.testng.TestRunner.run(TestRunner.java:584)
at org.testng.SuiteRunner.runTest(SuiteRunner.java:402)
at org.testng.SuiteRunner.runSequentially(SuiteRunner.java:396)
at org.testng.SuiteRunner.privateRun(SuiteRunner.java:355)
at org.testng.SuiteRunner.run(SuiteRunner.java:304)
at org.testng.SuiteRunnerWorker.runSuite(SuiteRunnerWorker.java:53)
at org.testng.SuiteRunnerWorker.run(SuiteRunnerWorker.java:96)
at org.testng.TestNG.runSuitesSequentially(TestNG.java:1180)
at org.testng.TestNG.runSuitesLocally(TestNG.java:1102)
at org.testng.TestNG.runSuites(TestNG.java:1032)
at org.testng.TestNG.run(TestNG.java:1000)
at org.apache.maven.surefire.testng.TestNGExecutor.run(TestNGExecutor.java:283)
at org.apache.maven.surefire.testng.TestNGXmlTestSuite.execute(TestNGXmlTestSuite.java:75)
at org.apache.maven.surefire.testng.TestNGProvider.invoke(TestNGProvider.java:120)
at org.apache.maven.surefire.booter.ForkedBooter.invokeProviderInSameClassLoader(ForkedBooter.java:383)
at org.apache.maven.surefire.booter.ForkedBooter.runSuitesInProcess(ForkedBooter.java:344)
at org.apache.maven.surefire.booter.ForkedBooter.execute(ForkedBooter.java:125)
at org.apache.maven.surefire.booter.ForkedBooter.main(ForkedBooter.java:417)
]]>
            </full-stacktrace>
          </exception> <!-- org.openqa.selenium.SessionNotCreatedException -->
          <reporter-output>
          </reporter-output>
        </test-method> <!-- f -->
      </class> <!-- testngFeature.NewTest -->
    </test> <!-- Test -->
  </suite> <!-- Suite -->
</testng-results>
