<?xml version="1.0" encoding="UTF-8"?>
<testng-results skipped="0" failed="0" ignored="0" total="3" passed="3">
  <reporter-output>
  </reporter-output>
  <suite name="Default suite" duration-ms="65" started-at="2019-12-02T06:06:19Z" finished-at="2019-12-02T06:06:19Z">
    <groups>
    </groups>
    <test name="Default test" duration-ms="65" started-at="2019-12-02T06:06:19Z" finished-at="2019-12-02T06:06:19Z">
      <class name="testngFeature.DemoDataProvider">
        <test-method status="PASS" signature="login(java.lang.String, java.lang.String)[pri:0, instance:testngFeature.DemoDataProvider@5c7fa833]" name="login" duration-ms="11" started-at="2019-12-02T06:06:19Z" data-provider="credentials" finished-at="2019-12-02T06:06:19Z">
          <params>
            <param index="0">
              <value>
                <![CDATA[selenium]]>
              </value>
            </param>
            <param index="1">
              <value>
                <![CDATA[basic]]>
              </value>
            </param>
          </params>
          <reporter-output>
          </reporter-output>
        </test-method> <!-- login -->
        <test-method status="PASS" signature="login(java.lang.String, java.lang.String)[pri:0, instance:testngFeature.DemoDataProvider@5c7fa833]" name="login" duration-ms="2" started-at="2019-12-02T06:06:19Z" data-provider="credentials" finished-at="2019-12-02T06:06:19Z">
          <params>
            <param index="0">
              <value>
                <![CDATA[mercury]]>
              </value>
            </param>
            <param index="1">
              <value>
                <![CDATA[test]]>
              </value>
            </param>
          </params>
          <reporter-output>
          </reporter-output>
        </test-method> <!-- login -->
        <test-method status="PASS" signature="login(java.lang.String, java.lang.String)[pri:0, instance:testngFeature.DemoDataProvider@5c7fa833]" name="login" duration-ms="2" started-at="2019-12-02T06:06:19Z" data-provider="credentials" finished-at="2019-12-02T06:06:19Z">
          <params>
            <param index="0">
              <value>
                <![CDATA[neha]]>
              </value>
            </param>
            <param index="1">
              <value>
                <![CDATA[bajpai]]>
              </value>
            </param>
          </params>
          <reporter-output>
          </reporter-output>
        </test-method> <!-- login -->
      </class> <!-- testngFeature.DemoDataProvider -->
    </test> <!-- Default test -->
  </suite> <!-- Default suite -->
</testng-results>
